[I 2024-11-10 14:19:05,340] A new study created in memory with name: no-name-208ad4af-2f5d-443d-957e-cdb53632c6ea
  0%|                                                                                                                                                                                                                       | 0/50 [00:00<?, ?it/s]Starting trial 0 with params: {'nr_epochs': 600, 'learning_rate': 0.0002068996149387359, 'lr_step_size': 1000, 'lr_gamma': 1.0, 'lambda_mse': 1.0, 'lambda_ssim': 1.0, 'lambda_pearson': 2.3554736259144297e-05, 'lambda_l1': 1.0, 'weight_decay': 1.1680167132574519e-06, 'dropout_rate': 0.011672459276515279, 'batch_size': 128, 'fc_size': 6656, 'latent_size': 640}
Running command for trial 0: python /home/jovyan/softwares/cae_tools/src/cae_tools/cli/train_cae.py --train-inputs /lustre_scratch/shaerdan/data_folder/train_v3/train/processed_train/train_798_198.nc /lustre_scratch/shaerdan/data_folder/train_v3/train/processed_train/train_477_132.nc /lustre_scratch/shaerdan/data_folder/train_v3/train/processed_train/train_294_65.nc /lustre_scratch/shaerdan/data_folder/train_v3/train/processed_train/train_582_162.nc /lustre_scratch/shaerdan/data_folder/train_v3/train/processed_train/train_826_206.nc /lustre_scratch/shaerdan/data_folder/train_v3/train/processed_train/train_267_58.nc /lustre_scratch/shaerdan/data_folder/train_v3/train/processed_train/train_398_107.nc /lustre_scratch/shaerdan/data_folder/train_v3/train/processed_train/train_451_124.nc /lustre_scratch/shaerdan/data_folder/train_v3/train/processed_train/train_316_74.nc /lustre_scratch/shaerdan/data_folder/train_v3/train/processed_train/train_797_197.nc /lustre_scratch/shaerdan/data_folder/train_v3/train/processed_train/train_665_177.nc /lustre_scratch/shaerdan/data_folder/train_v3/train/processed_train/train_313_71.nc /lustre_scratch/shaerdan/data_folder/train_v3/train/processed_train/train_450_123.nc /lustre_scratch/shaerdan/data_folder/train_v3/train/processed_train/train_745_190.nc /lustre_scratch/shaerdan/data_folder/train_v3/train/processed_train/train_290_64.nc /lustre_scratch/shaerdan/data_folder/train_v3/train/processed_train/train_262_54.nc /lustre_scratch/shaerdan/data_folder/train_v3/train/processed_train/train_524_146.nc /lustre_scratch/shaerdan/data_folder/train_v3/train/processed_train/train_347_84.nc /lustre_scratch/shaerdan/data_folder/train_v3/train/processed_train/train_402_109.nc /lustre_scratch/shaerdan/data_folder/train_v3/train/processed_train/train_743_189.nc /lustre_scratch/shaerdan/data_folder/train_v3/train/processed_train/train_613_172.nc /lustre_scratch/shaerdan/data_folder/train_v3/train/processed_train/train_367_93.nc /lustre_scratch/shaerdan/data_folder/train_v3/train/processed_train/train_230_50.nc /lustre_scratch/shaerdan/data_folder/train_v3/train/processed_train/train_341_81.nc /lustre_scratch/shaerdan/data_folder/train_v3/train/processed_train/train_720_186.nc /lustre_scratch/shaerdan/data_folder/train_v3/train/processed_train/train_825_205.nc /lustre_scratch/shaerdan/data_folder/train_v3/train/processed_train/train_319_76.nc /lustre_scratch/shaerdan/data_folder/train_v3/train/processed_train/train_586_165.nc /lustre_scratch/shaerdan/data_folder/train_v3/train/processed_train/train_609_171.nc /lustre_scratch/shaerdan/data_folder/train_v3/train/processed_train/train_373_95.nc /lustre_scratch/shaerdan/data_folder/train_v3/train/processed_train/train_264_56.nc /lustre_scratch/shaerdan/data_folder/train_v3/train/processed_train/train_395_106.nc /lustre_scratch/shaerdan/data_folder/train_v3/train/processed_train/train_342_82.nc /lustre_scratch/shaerdan/data_folder/train_v3/train/processed_train/train_399_108.nc /lustre_scratch/shaerdan/data_folder/train_v3/train/processed_train/train_532_150.nc /lustre_scratch/shaerdan/data_folder/train_v3/train/processed_train/train_315_73.nc /lustre_scratch/shaerdan/data_folder/train_v3/train/processed_train/train_394_105.nc /lustre_scratch/shaerdan/data_folder/train_v3/train/processed_train/train_343_83.nc /lustre_scratch/shaerdan/data_folder/train_v3/train/processed_train/train_424_114.nc /lustre_scratch/shaerdan/data_folder/train_v3/train/processed_train/train_692_181.nc /lustre_scratch/shaerdan/data_folder/train_v3/train/processed_train/train_505_143.nc /lustre_scratch/shaerdan/data_folder/train_v3/train/processed_train/train_748_191.nc /lustre_scratch/shaerdan/data_folder/train_v3/train/processed_train/train_403_110.nc /lustre_scratch/shaerdan/data_folder/train_v3/train/processed_train/train_368_94.nc /lustre_scratch/shaerdan/data_folder/train_v3/train/processed_train/train_318_75.nc /lustre_scratch/shaerdan/data_folder/train_v3/train/processed_train/train_551_152.nc /lustre_scratch/shaerdan/data_folder/train_v3/train/processed_train/train_289_63.nc /lustre_scratch/shaerdan/data_folder/train_v3/train/processed_train/train_583_163.nc /lustre_scratch/shaerdan/data_folder/train_v3/train/processed_train/train_288_62.nc /lustre_scratch/shaerdan/data_folder/train_v3/train/processed_train/train_374_96.nc /lustre_scratch/shaerdan/data_folder/train_v3/train/processed_train/train_427_116.nc /lustre_scratch/shaerdan/data_folder/train_v3/train/processed_train/train_552_153.nc /lustre_scratch/shaerdan/data_folder/train_v3/train/processed_train/train_525_147.nc /lustre_scratch/shaerdan/data_folder/train_v3/train/processed_train/train_558_156.nc --test-inputs /lustre_scratch/shaerdan/data_folder/test_v3/test/processed_test/test_522_350.nc /lustre_scratch/shaerdan/data_folder/test_v3/test/processed_test/test_259_269.nc /lustre_scratch/shaerdan/data_folder/test_v3/test/processed_test/test_260_270.nc /lustre_scratch/shaerdan/data_folder/test_v3/test/processed_test/test_744_393.nc /lustre_scratch/shaerdan/data_folder/test_v3/test/processed_test/test_531_355.nc /lustre_scratch/shaerdan/data_folder/test_v3/test/processed_test/test_293_279.nc /lustre_scratch/shaerdan/data_folder/test_v3/test/processed_test/test_397_309.nc /lustre_scratch/shaerdan/data_folder/test_v3/test/processed_test/test_452_331.nc /lustre_scratch/shaerdan/data_folder/test_v3/test/processed_test/test_258_268.nc /lustre_scratch/shaerdan/data_folder/test_v3/test/processed_test/test_346_295.nc /lustre_scratch/shaerdan/data_folder/test_v3/test/processed_test/test_344_293.nc /lustre_scratch/shaerdan/data_folder/test_v3/test/processed_test/test_611_371.nc /lustre_scratch/shaerdan/data_folder/test_v3/test/processed_test/test_585_367.nc /lustre_scratch/shaerdan/data_folder/test_v3/test/processed_test/test_372_303.nc /lustre_scratch/shaerdan/data_folder/test_v3/test/processed_test/test_400_310.nc /lustre_scratch/shaerdan/data_folder/test_v3/test/processed_test/test_718_389.nc /lustre_scratch/shaerdan/data_folder/test_v3/test/processed_test/test_339_291.nc /lustre_scratch/shaerdan/data_folder/test_v3/test/processed_test/test_775_403.nc /lustre_scratch/shaerdan/data_folder/test_v3/test/processed_test/test_291_277.nc /lustre_scratch/shaerdan/data_folder/test_v3/test/processed_test/test_420_317.nc /lustre_scratch/shaerdan/data_folder/test_v3/test/processed_test/test_345_294.nc /lustre_scratch/shaerdan/data_folder/test_v3/test/processed_test/test_371_302.nc /lustre_scratch/shaerdan/data_folder/test_v3/test/processed_test/test_369_300.nc /lustre_scratch/shaerdan/data_folder/test_v3/test/processed_test/test_610_370.nc /lustre_scratch/shaerdan/data_folder/test_v3/test/processed_test/test_770_399.nc /lustre_scratch/shaerdan/data_folder/test_v3/test/processed_test/test_292_278.nc /lustre_scratch/shaerdan/data_folder/test_v3/test/processed_test/test_719_390.nc /lustre_scratch/shaerdan/data_folder/test_v3/test/processed_test/test_476_336.nc /lustre_scratch/shaerdan/data_folder/test_v3/test/processed_test/test_507_346.nc /lustre_scratch/shaerdan/data_folder/test_v3/test/processed_test/test_449_330.nc /lustre_scratch/shaerdan/data_folder/test_v3/test/processed_test/test_717_388.nc /lustre_scratch/shaerdan/data_folder/test_v3/test/processed_test/test_663_380.nc /lustre_scratch/shaerdan/data_folder/test_v3/test/processed_test/test_478_337.nc /lustre_scratch/shaerdan/data_folder/test_v3/test/processed_test/test_504_344.nc /lustre_scratch/shaerdan/data_folder/test_v3/test/processed_test/test_523_351.nc /lustre_scratch/shaerdan/data_folder/test_v3/test/processed_test/test_375_304.nc /lustre_scratch/shaerdan/data_folder/test_v3/test/processed_test/test_691_385.nc /lustre_scratch/shaerdan/data_folder/test_v3/test/processed_test/test_506_345.nc /lustre_scratch/shaerdan/data_folder/test_v3/test/processed_test/test_426_321.nc /lustre_scratch/shaerdan/data_folder/test_v3/test/processed_test/test_317_284.nc /lustre_scratch/shaerdan/data_folder/test_v3/test/processed_test/test_533_356.nc /lustre_scratch/shaerdan/data_folder/test_v3/test/processed_test/test_396_308.nc /lustre_scratch/shaerdan/data_folder/test_v3/test/processed_test/test_664_381.nc /lustre_scratch/shaerdan/data_folder/test_v3/test/processed_test/test_479_338.nc /lustre_scratch/shaerdan/data_folder/test_v3/test/processed_test/test_453_332.nc /lustre_scratch/shaerdan/data_folder/test_v3/test/processed_test/test_401_311.nc /lustre_scratch/shaerdan/data_folder/test_v3/test/processed_test/test_638_376.nc /lustre_scratch/shaerdan/data_folder/test_v3/test/processed_test/test_559_363.nc /lustre_scratch/shaerdan/data_folder/test_v3/test/processed_test/test_423_320.nc /lustre_scratch/shaerdan/data_folder/test_v3/test/processed_test/test_747_395.nc /lustre_scratch/shaerdan/data_folder/test_v3/test/processed_test/test_340_292.nc /lustre_scratch/shaerdan/data_folder/test_v3/test/processed_test/test_530_354.nc /lustre_scratch/shaerdan/data_folder/test_v3/test/processed_test/test_690_384.nc /lustre_scratch/shaerdan/data_folder/test_v3/test/processed_test/test_261_271.nc /lustre_scratch/shaerdan/data_folder/test_v3/test/processed_test/test_746_394.nc /lustre_scratch/shaerdan/data_folder/test_v3/test/processed_test/test_480_339.nc /lustre_scratch/shaerdan/data_folder/test_v3/test/processed_test/test_639_377.nc /lustre_scratch/shaerdan/data_folder/test_v3/test/processed_test/test_771_400.nc /lustre_scratch/shaerdan/data_folder/test_v3/test/processed_test/test_612_372.nc /lustre_scratch/shaerdan/data_folder/test_v3/test/processed_test/test_421_318.nc /lustre_scratch/shaerdan/data_folder/test_v3/test/processed_test/test_637_375.nc /lustre_scratch/shaerdan/data_folder/test_v3/test/processed_test/test_422_319.nc /lustre_scratch/shaerdan/data_folder/test_v3/test/processed_test/test_370_301.nc --model-folder /lustre_scratch/shaerdan/models/model_0 --input-variables land_cover albedo_monthly_climatology_means elevation era5_skt sin_doy cos_doy slope_magnitude slope_direction era5_u10 era5_v10 era5_ssrd --output-variable ST_slices --nr-epochs 600 --learning-rate 0.0002068996149387359 --lr-step-size 1000 --lr-gamma 1.0 --lambda-mse 1.0 --lambda-ssim 1.0 --lambda-pearson 2.3554736259144297e-05 --lambda-l1 1.0 --weight-decay 1.1680167132574519e-06 --dropout-rate 0.011672459276515279 --batch-size 128 --fc-size 6656 --latent-size 640 --method unet --scheduler-type None --layer-definitions-path spec_august_ver.json --database-path database_v23_wo_ssrd.db
Command output for trial 0:
Training cases: 9990, Test cases: 8280
{'land_cover': 1.0, 'albedo_monthly_climatology_means': -0.08084703981876373, 'elevation': -24.315156936645508, 'era5_skt': 268.7027282714844, 'sin_doy': 0.01716632954776287, 'cos_doy': -1.0, 'slope_magnitude': 0.0, 'slope_direction': -180.0, 'era5_u10': -9.049460411071777, 'era5_v10': -8.609658241271973, 'era5_ssrd': 197013.21875} {'land_cover': 22.0, 'albedo_monthly_climatology_means': 3.5322437286376953, 'elevation': 1174.817138671875, 'era5_skt': 310.4273376464844, 'sin_doy': 1.0, 'cos_doy': 0.9994106292724609, 'slope_magnitude': 1.541244387626648, 'slope_direction': 179.99989318847656, 'era5_u10': 13.69264030456543, 'era5_v10': 11.514508247375488, 'era5_ssrd': 11836934.0} 243.4262237548828 355.71160888671875
Running on device: cuda
epoch: 0, train_mse: 0.033383, train_pearson_loss: 0.9673, test_mse: 0.013157, test_pearson_loss: 0.9560
learn rate: 0.000207
epoch: 10, train_mse: 0.002937, train_pearson_loss: 0.8954, test_mse: 0.001118, test_pearson_loss: 0.7994
learn rate: 0.000208
epoch: 20, train_mse: 0.002315, train_pearson_loss: 0.8676, test_mse: 0.001020, test_pearson_loss: 0.7416
learn rate: 0.000210
epoch: 30, train_mse: 0.001925, train_pearson_loss: 0.8436, test_mse: 0.000901, test_pearson_loss: 0.7060
learn rate: 0.000214
epoch: 40, train_mse: 0.001646, train_pearson_loss: 0.8206, test_mse: 0.000830, test_pearson_loss: 0.6850
learn rate: 0.000220
epoch: 50, train_mse: 0.001912, train_pearson_loss: 0.8377, test_mse: 0.000906, test_pearson_loss: 0.7201
learn rate: 0.000227
epoch: 60, train_mse: 0.001321, train_pearson_loss: 0.7934, test_mse: 0.000795, test_pearson_loss: 0.6610
learn rate: 0.000236
epoch: 70, train_mse: 0.001127, train_pearson_loss: 0.7674, test_mse: 0.000777, test_pearson_loss: 0.6461
learn rate: 0.000246
epoch: 80, train_mse: 0.000970, train_pearson_loss: 0.7438, test_mse: 0.000786, test_pearson_loss: 0.6237
learn rate: 0.000257
epoch: 90, train_mse: 0.000887, train_pearson_loss: 0.7264, test_mse: 0.000732, test_pearson_loss: 0.6171
learn rate: 0.000270
epoch: 100, train_mse: 0.000763, train_pearson_loss: 0.7025, test_mse: 0.000741, test_pearson_loss: 0.6105
learn rate: 0.000284
epoch: 110, train_mse: 0.000782, train_pearson_loss: 0.6993, test_mse: 0.000716, test_pearson_loss: 0.6044
learn rate: 0.000299
epoch: 120, train_mse: 0.000702, train_pearson_loss: 0.6909, test_mse: 0.000777, test_pearson_loss: 0.6083
learn rate: 0.000316
epoch: 130, train_mse: 0.000568, train_pearson_loss: 0.6480, test_mse: 0.000733, test_pearson_loss: 0.5880
learn rate: 0.000334
epoch: 140, train_mse: 0.000520, train_pearson_loss: 0.6268, test_mse: 0.000736, test_pearson_loss: 0.5767
learn rate: 0.000353
epoch: 150, train_mse: 0.000600, train_pearson_loss: 0.6367, test_mse: 0.000715, test_pearson_loss: 0.5837
learn rate: 0.000372
epoch: 160, train_mse: 0.000478, train_pearson_loss: 0.6042, test_mse: 0.000730, test_pearson_loss: 0.5626
learn rate: 0.000393
epoch: 170, train_mse: 0.000959, train_pearson_loss: 0.6666, test_mse: 0.000788, test_pearson_loss: 0.6359
learn rate: 0.000415
epoch: 180, train_mse: 0.000528, train_pearson_loss: 0.5889, test_mse: 0.000669, test_pearson_loss: 0.5701
learn rate: 0.000437
epoch: 190, train_mse: 0.000428, train_pearson_loss: 0.5614, test_mse: 0.000740, test_pearson_loss: 0.5476
learn rate: 0.000460
epoch: 200, train_mse: 0.000449, train_pearson_loss: 0.5557, test_mse: 0.000700, test_pearson_loss: 0.5527
learn rate: 0.000483
epoch: 210, train_mse: 0.000416, train_pearson_loss: 0.5376, test_mse: 0.000679, test_pearson_loss: 0.5360
learn rate: 0.000507
epoch: 220, train_mse: 0.000646, train_pearson_loss: 0.5718, test_mse: 0.000686, test_pearson_loss: 0.5564
learn rate: 0.000532
epoch: 230, train_mse: 0.000421, train_pearson_loss: 0.5350, test_mse: 0.000659, test_pearson_loss: 0.5340
learn rate: 0.000556
epoch: 240, train_mse: 0.000459, train_pearson_loss: 0.5580, test_mse: 0.000719, test_pearson_loss: 0.5545
learn rate: 0.000581
epoch: 250, train_mse: 0.000402, train_pearson_loss: 0.5085, test_mse: 0.000718, test_pearson_loss: 0.5114
learn rate: 0.000606
epoch: 260, train_mse: 0.000377, train_pearson_loss: 0.4947, test_mse: 0.000811, test_pearson_loss: 0.5126
learn rate: 0.000631
epoch: 270, train_mse: 0.000383, train_pearson_loss: 0.4843, test_mse: 0.000744, test_pearson_loss: 0.4975
learn rate: 0.000656
epoch: 280, train_mse: 0.000352, train_pearson_loss: 0.4721, test_mse: 0.000689, test_pearson_loss: 0.4855
learn rate: 0.000680
epoch: 290, train_mse: 0.000340, train_pearson_loss: 0.4641, test_mse: 0.000686, test_pearson_loss: 0.4805
learn rate: 0.000704
epoch: 300, train_mse: 0.000339, train_pearson_loss: 0.4601, test_mse: 0.000834, test_pearson_loss: 0.4984
learn rate: 0.000728
epoch: 310, train_mse: 0.000333, train_pearson_loss: 0.4525, test_mse: 0.000843, test_pearson_loss: 0.4747
learn rate: 0.000752
epoch: 320, train_mse: 0.000365, train_pearson_loss: 0.4574, test_mse: 0.000697, test_pearson_loss: 0.4727
learn rate: 0.000775
epoch: 330, train_mse: 0.000381, train_pearson_loss: 0.4923, test_mse: 0.000670, test_pearson_loss: 0.4943
learn rate: 0.000797
epoch: 340, train_mse: 0.000351, train_pearson_loss: 0.4698, test_mse: 0.000735, test_pearson_loss: 0.4814
learn rate: 0.000818
epoch: 350, train_mse: 0.000358, train_pearson_loss: 0.4622, test_mse: 0.000652, test_pearson_loss: 0.4703
learn rate: 0.000839
epoch: 360, train_mse: 0.000337, train_pearson_loss: 0.4531, test_mse: 0.000686, test_pearson_loss: 0.4686
learn rate: 0.000858
epoch: 370, train_mse: 0.000333, train_pearson_loss: 0.4490, test_mse: 0.000665, test_pearson_loss: 0.4737
learn rate: 0.000877
epoch: 380, train_mse: 0.000328, train_pearson_loss: 0.4475, test_mse: 0.000605, test_pearson_loss: 0.4638
learn rate: 0.000894
epoch: 390, train_mse: 0.000332, train_pearson_loss: 0.4424, test_mse: 0.000636, test_pearson_loss: 0.4705
learn rate: 0.000911
epoch: 400, train_mse: 0.000313, train_pearson_loss: 0.4374, test_mse: 0.000630, test_pearson_loss: 0.4582
learn rate: 0.000926
epoch: 410, train_mse: 0.000628, train_pearson_loss: 0.5256, test_mse: 0.000650, test_pearson_loss: 0.5176
learn rate: 0.000940
epoch: 420, train_mse: 0.000332, train_pearson_loss: 0.4482, test_mse: 0.000630, test_pearson_loss: 0.4729
learn rate: 0.000952
epoch: 430, train_mse: 0.000313, train_pearson_loss: 0.4376, test_mse: 0.000587, test_pearson_loss: 0.4545
learn rate: 0.000963
epoch: 440, train_mse: 0.000320, train_pearson_loss: 0.4348, test_mse: 0.000597, test_pearson_loss: 0.4539
learn rate: 0.000973
epoch: 450, train_mse: 0.000309, train_pearson_loss: 0.4304, test_mse: 0.000604, test_pearson_loss: 0.4554
learn rate: 0.000981
epoch: 460, train_mse: 0.000318, train_pearson_loss: 0.4347, test_mse: 0.000601, test_pearson_loss: 0.4485
learn rate: 0.000988
epoch: 470, train_mse: 0.000328, train_pearson_loss: 0.4320, test_mse: 0.000641, test_pearson_loss: 0.4506
learn rate: 0.000993
epoch: 480, train_mse: 0.000320, train_pearson_loss: 0.4293, test_mse: 0.000791, test_pearson_loss: 0.4574
learn rate: 0.000997
epoch: 490, train_mse: 0.000328, train_pearson_loss: 0.4280, test_mse: 0.000619, test_pearson_loss: 0.4509
learn rate: 0.000999
epoch: 500, train_mse: 0.000317, train_pearson_loss: 0.4292, test_mse: 0.000644, test_pearson_loss: 0.4449
learn rate: 0.001000
epoch: 510, train_mse: 0.000304, train_pearson_loss: 0.4242, test_mse: 0.000594, test_pearson_loss: 0.4501
learn rate: 0.001000
epoch: 520, train_mse: 0.000304, train_pearson_loss: 0.4226, test_mse: 0.000602, test_pearson_loss: 0.4579
learn rate: 0.001000
epoch: 530, train_mse: 0.000306, train_pearson_loss: 0.4233, test_mse: 0.000684, test_pearson_loss: 0.4510
learn rate: 0.001000
epoch: 540, train_mse: 0.000298, train_pearson_loss: 0.4179, test_mse: 0.000626, test_pearson_loss: 0.4415
learn rate: 0.001000
epoch: 550, train_mse: 0.000298, train_pearson_loss: 0.4167, test_mse: 0.000585, test_pearson_loss: 0.4432
learn rate: 0.001000
epoch: 560, train_mse: 0.000303, train_pearson_loss: 0.4180, test_mse: 0.000666, test_pearson_loss: 0.4483
learn rate: 0.001000
epoch: 570, train_mse: 0.000303, train_pearson_loss: 0.4165, test_mse: 0.000596, test_pearson_loss: 0.4457
learn rate: 0.001000
epoch: 580, train_mse: 0.000290, train_pearson_loss: 0.4123, test_mse: 0.000672, test_pearson_loss: 0.4429
learn rate: 0.001000
epoch: 590, train_mse: 0.000282, train_pearson_loss: 0.4088, test_mse: 0.000677, test_pearson_loss: 0.4400
learn rate: 0.001000
elapsed:5562.130787849426

Test Metrics
	mse                           :7.549190968700779
	rmse                          :2.74757911054455
	mae                           :1.9128936282331415
	mean_pearson_correlation      :0.5528979577015668

Train Metrics
	mse                           :3.9452426240742247
	rmse                          :1.9862634830440358
	mae                           :1.450126587098447
	mean_pearson_correlation      :0.6030542857801379
a44be90e-2093-43d4-96de-2c9b643a1a03 /lustre_scratch/shaerdan/data_folder/train_v3/train/processed_train/train_798_198.nc;/lustre_scratch/shaerdan/data_folder/train_v3/train/processed_train/train_477_132.nc;/lustre_scratch/shaerdan/data_folder/train_v3/train/processed_train/train_294_65.nc;/lustre_scratch/shaerdan/data_folder/train_v3/train/processed_train/train_582_162.nc;/lustre_scratch/shaerdan/data_folder/train_v3/train/processed_train/train_826_206.nc;/lustre_scratch/shaerdan/data_folder/train_v3/train/processed_train/train_267_58.nc;/lustre_scratch/shaerdan/data_folder/train_v3/train/processed_train/train_398_107.nc;/lustre_scratch/shaerdan/data_folder/train_v3/train/processed_train/train_451_124.nc;/lustre_scratch/shaerdan/data_folder/train_v3/train/processed_train/train_316_74.nc;/lustre_scratch/shaerdan/data_folder/train_v3/train/processed_train/train_797_197.nc;/lustre_scratch/shaerdan/data_folder/train_v3/train/processed_train/train_665_177.nc;/lustre_scratch/shaerdan/data_folder/train_v3/train/processed_train/train_313_71.nc;/lustre_scratch/shaerdan/data_folder/train_v3/train/processed_train/train_450_123.nc;/lustre_scratch/shaerdan/data_folder/train_v3/train/processed_train/train_745_190.nc;/lustre_scratch/shaerdan/data_folder/train_v3/train/processed_train/train_290_64.nc;/lustre_scratch/shaerdan/data_folder/train_v3/train/processed_train/train_262_54.nc;/lustre_scratch/shaerdan/data_folder/train_v3/train/processed_train/train_524_146.nc;/lustre_scratch/shaerdan/data_folder/train_v3/train/processed_train/train_347_84.nc;/lustre_scratch/shaerdan/data_folder/train_v3/train/processed_train/train_402_109.nc;/lustre_scratch/shaerdan/data_folder/train_v3/train/processed_train/train_743_189.nc;/lustre_scratch/shaerdan/data_folder/train_v3/train/processed_train/train_613_172.nc;/lustre_scratch/shaerdan/data_folder/train_v3/train/processed_train/train_367_93.nc;/lustre_scratch/shaerdan/data_folder/train_v3/train/processed_train/train_230_50.nc;/lustre_scratch/shaerdan/data_folder/train_v3/train/processed_train/train_341_81.nc;/lustre_scratch/shaerdan/data_folder/train_v3/train/processed_train/train_720_186.nc;/lustre_scratch/shaerdan/data_folder/train_v3/train/processed_train/train_825_205.nc;/lustre_scratch/shaerdan/data_folder/train_v3/train/processed_train/train_319_76.nc;/lustre_scratch/shaerdan/data_folder/train_v3/train/processed_train/train_586_165.nc;/lustre_scratch/shaerdan/data_folder/train_v3/train/processed_train/train_609_171.nc;/lustre_scratch/shaerdan/data_folder/train_v3/train/processed_train/train_373_95.nc;/lustre_scratch/shaerdan/data_folder/train_v3/train/processed_train/train_264_56.nc;/lustre_scratch/shaerdan/data_folder/train_v3/train/processed_train/train_395_106.nc;/lustre_scratch/shaerdan/data_folder/train_v3/train/processed_train/train_342_82.nc;/lustre_scratch/shaerdan/data_folder/train_v3/train/processed_train/train_399_108.nc;/lustre_scratch/shaerdan/data_folder/train_v3/train/processed_train/train_532_150.nc;/lustre_scratch/shaerdan/data_folder/train_v3/train/processed_train/train_315_73.nc;/lustre_scratch/shaerdan/data_folder/train_v3/train/processed_train/train_394_105.nc;/lustre_scratch/shaerdan/data_folder/train_v3/train/processed_train/train_343_83.nc;/lustre_scratch/shaerdan/data_folder/train_v3/train/processed_train/train_424_114.nc;/lustre_scratch/shaerdan/data_folder/train_v3/train/processed_train/train_692_181.nc;/lustre_scratch/shaerdan/data_folder/train_v3/train/processed_train/train_505_143.nc;/lustre_scratch/shaerdan/data_folder/train_v3/train/processed_train/train_748_191.nc;/lustre_scratch/shaerdan/data_folder/train_v3/train/processed_train/train_403_110.nc;/lustre_scratch/shaerdan/data_folder/train_v3/train/processed_train/train_368_94.nc;/lustre_scratch/shaerdan/data_folder/train_v3/train/processed_train/train_318_75.nc;/lustre_scratch/shaerdan/data_folder/train_v3/train/processed_train/train_551_152.nc;/lustre_scratch/shaerdan/data_folder/train_v3/train/processed_train/train_289_63.nc;/lustre_scratch/shaerdan/data_folder/train_v3/train/processed_train/train_583_163.nc;/lustre_scratch/shaerdan/data_folder/train_v3/train/processed_train/train_288_62.nc;/lustre_scratch/shaerdan/data_folder/train_v3/train/processed_train/train_374_96.nc;/lustre_scratch/shaerdan/data_folder/train_v3/train/processed_train/train_427_116.nc;/lustre_scratch/shaerdan/data_folder/train_v3/train/processed_train/train_552_153.nc;/lustre_scratch/shaerdan/data_folder/train_v3/train/processed_train/train_525_147.nc;/lustre_scratch/shaerdan/data_folder/train_v3/train/processed_train/train_558_156.nc /lustre_scratch/shaerdan/data_folder/test_v3/test/processed_test/test_522_350.nc;/lustre_scratch/shaerdan/data_folder/test_v3/test/processed_test/test_259_269.nc;/lustre_scratch/shaerdan/data_folder/test_v3/test/processed_test/test_260_270.nc;/lustre_scratch/shaerdan/data_folder/test_v3/test/processed_test/test_744_393.nc;/lustre_scratch/shaerdan/data_folder/test_v3/test/processed_test/test_531_355.nc;/lustre_scratch/shaerdan/data_folder/test_v3/test/processed_test/test_293_279.nc;/lustre_scratch/shaerdan/data_folder/test_v3/test/processed_test/test_397_309.nc;/lustre_scratch/shaerdan/data_folder/test_v3/test/processed_test/test_452_331.nc;/lustre_scratch/shaerdan/data_folder/test_v3/test/processed_test/test_258_268.nc;/lustre_scratch/shaerdan/data_folder/test_v3/test/processed_test/test_346_295.nc;/lustre_scratch/shaerdan/data_folder/test_v3/test/processed_test/test_344_293.nc;/lustre_scratch/shaerdan/data_folder/test_v3/test/processed_test/test_611_371.nc;/lustre_scratch/shaerdan/data_folder/test_v3/test/processed_test/test_585_367.nc;/lustre_scratch/shaerdan/data_folder/test_v3/test/processed_test/test_372_303.nc;/lustre_scratch/shaerdan/data_folder/test_v3/test/processed_test/test_400_310.nc;/lustre_scratch/shaerdan/data_folder/test_v3/test/processed_test/test_718_389.nc;/lustre_scratch/shaerdan/data_folder/test_v3/test/processed_test/test_339_291.nc;/lustre_scratch/shaerdan/data_folder/test_v3/test/processed_test/test_775_403.nc;/lustre_scratch/shaerdan/data_folder/test_v3/test/processed_test/test_291_277.nc;/lustre_scratch/shaerdan/data_folder/test_v3/test/processed_test/test_420_317.nc;/lustre_scratch/shaerdan/data_folder/test_v3/test/processed_test/test_345_294.nc;/lustre_scratch/shaerdan/data_folder/test_v3/test/processed_test/test_371_302.nc;/lustre_scratch/shaerdan/data_folder/test_v3/test/processed_test/test_369_300.nc;/lustre_scratch/shaerdan/data_folder/test_v3/test/processed_test/test_610_370.nc;/lustre_scratch/shaerdan/data_folder/test_v3/test/processed_test/test_770_399.nc;/lustre_scratch/shaerdan/data_folder/test_v3/test/processed_test/test_292_278.nc;/lustre_scratch/shaerdan/data_folder/test_v3/test/processed_test/test_719_390.nc;/lustre_scratch/shaerdan/data_folder/test_v3/test/processed_test/test_476_336.nc;/lustre_scratch/shaerdan/data_folder/test_v3/test/processed_test/test_507_346.nc;/lustre_scratch/shaerdan/data_folder/test_v3/test/processed_test/test_449_330.nc;/lustre_scratch/shaerdan/data_folder/test_v3/test/processed_test/test_717_388.nc;/lustre_scratch/shaerdan/data_folder/test_v3/test/processed_test/test_663_380.nc;/lustre_scratch/shaerdan/data_folder/test_v3/test/processed_test/test_478_337.nc;/lustre_scratch/shaerdan/data_folder/test_v3/test/processed_test/test_504_344.nc;/lustre_scratch/shaerdan/data_folder/test_v3/test/processed_test/test_523_351.nc;/lustre_scratch/shaerdan/data_folder/test_v3/test/processed_test/test_375_304.nc;/lustre_scratch/shaerdan/data_folder/test_v3/test/processed_test/test_691_385.nc;/lustre_scratch/shaerdan/data_folder/test_v3/test/processed_test/test_506_345.nc;/lustre_scratch/shaerdan/data_folder/test_v3/test/processed_test/test_426_321.nc;/lustre_scratch/shaerdan/data_folder/test_v3/test/processed_test/test_317_284.nc;/lustre_scratch/shaerdan/data_folder/test_v3/test/processed_test/test_533_356.nc;/lustre_scratch/shaerdan/data_folder/test_v3/test/processed_test/test_396_308.nc;/lustre_scratch/shaerdan/data_folder/test_v3/test/processed_test/test_664_381.nc;/lustre_scratch/shaerdan/data_folder/test_v3/test/processed_test/test_479_338.nc;/lustre_scratch/shaerdan/data_folder/test_v3/test/processed_test/test_453_332.nc;/lustre_scratch/shaerdan/data_folder/test_v3/test/processed_test/test_401_311.nc;/lustre_scratch/shaerdan/data_folder/test_v3/test/processed_test/test_638_376.nc;/lustre_scratch/shaerdan/data_folder/test_v3/test/processed_test/test_559_363.nc;/lustre_scratch/shaerdan/data_folder/test_v3/test/processed_test/test_423_320.nc;/lustre_scratch/shaerdan/data_folder/test_v3/test/processed_test/test_747_395.nc;/lustre_scratch/shaerdan/data_folder/test_v3/test/processed_test/test_340_292.nc;/lustre_scratch/shaerdan/data_folder/test_v3/test/processed_test/test_530_354.nc;/lustre_scratch/shaerdan/data_folder/test_v3/test/processed_test/test_690_384.nc;/lustre_scratch/shaerdan/data_folder/test_v3/test/processed_test/test_261_271.nc;/lustre_scratch/shaerdan/data_folder/test_v3/test/processed_test/test_746_394.nc;/lustre_scratch/shaerdan/data_folder/test_v3/test/processed_test/test_480_339.nc;/lustre_scratch/shaerdan/data_folder/test_v3/test/processed_test/test_639_377.nc;/lustre_scratch/shaerdan/data_folder/test_v3/test/processed_test/test_771_400.nc;/lustre_scratch/shaerdan/data_folder/test_v3/test/processed_test/test_612_372.nc;/lustre_scratch/shaerdan/data_folder/test_v3/test/processed_test/test_421_318.nc;/lustre_scratch/shaerdan/data_folder/test_v3/test/processed_test/test_637_375.nc;/lustre_scratch/shaerdan/data_folder/test_v3/test/processed_test/test_422_319.nc;/lustre_scratch/shaerdan/data_folder/test_v3/test/processed_test/test_370_301.nc {'test': {'mse': 7.549190968700779, 'rmse': 2.74757911054455, 'mae': 1.9128936282331415, 'mean_pearson_correlation': 0.5528979577015668}, 'train': {'mse': 3.9452426240742247, 'rmse': 1.9862634830440358, 'mae': 1.450126587098447, 'mean_pearson_correlation': 0.6030542857801379}}
hypar_optim.py:10: FutureWarning: suggest_loguniform has been deprecated in v3.0.0. This feature will be removed in v6.0.0. See https://github.com/optuna/optuna/releases/tag/v3.0.0. Use suggest_float(..., log=True) instead.
  'learning_rate': trial.suggest_loguniform('learning_rate', 1e-5, 1e-2),
hypar_optim.py:12: FutureWarning: suggest_uniform has been deprecated in v3.0.0. This feature will be removed in v6.0.0. See https://github.com/optuna/optuna/releases/tag/v3.0.0. Use suggest_float instead.
  'lr_gamma': trial.suggest_uniform('lr_gamma', 1.0, 1.0),
hypar_optim.py:13: FutureWarning: suggest_uniform has been deprecated in v3.0.0. This feature will be removed in v6.0.0. See https://github.com/optuna/optuna/releases/tag/v3.0.0. Use suggest_float instead.
  'lambda_mse': trial.suggest_uniform('lambda_mse', 1, 1),
hypar_optim.py:14: FutureWarning: suggest_uniform has been deprecated in v3.0.0. This feature will be removed in v6.0.0. See https://github.com/optuna/optuna/releases/tag/v3.0.0. Use suggest_float instead.
  'lambda_ssim': trial.suggest_uniform('lambda_ssim', 1, 1),
hypar_optim.py:15: FutureWarning: suggest_loguniform has been deprecated in v3.0.0. This feature will be removed in v6.0.0. See https://github.com/optuna/optuna/releases/tag/v3.0.0. Use suggest_float(..., log=True) instead.
  'lambda_pearson': trial.suggest_loguniform('lambda_pearson', 1e-5, 1e-2),
hypar_optim.py:16: FutureWarning: suggest_uniform has been deprecated in v3.0.0. This feature will be removed in v6.0.0. See https://github.com/optuna/optuna/releases/tag/v3.0.0. Use suggest_float instead.
  'lambda_l1': trial.suggest_uniform('lambda_l1', 1, 1),
hypar_optim.py:17: FutureWarning: suggest_loguniform has been deprecated in v3.0.0. This feature will be removed in v6.0.0. See https://github.com/optuna/optuna/releases/tag/v3.0.0. Use suggest_float(..., log=True) instead.
  'weight_decay': trial.suggest_loguniform('weight_decay', 1e-6, 1e-3),
hypar_optim.py:18: FutureWarning: suggest_uniform has been deprecated in v3.0.0. This feature will be removed in v6.0.0. See https://github.com/optuna/optuna/releases/tag/v3.0.0. Use suggest_float instead.
  'dropout_rate': trial.suggest_uniform('dropout_rate', 0.0, 0.5),
                                                                                                                                                                                                                                                     0%|                                                                                                                                                                                                                     | 0/50 [1:34:53<?, ?it/s]Best trial: 0. Best value: 0.000677:   0%|                                                                                                                                                                                | 0/50 [1:34:53<?, ?it/s]Best trial: 0. Best value: 0.000677:   2%|███▎                                                                                                                                                               | 1/50 [1:34:53<77:29:19, 5693.06s/it]
Final test_mse for trial 0: 0.000677
[I 2024-11-10 15:53:58,404] Trial 0 finished with value: 0.000677 and parameters: {'nr_epochs': 600, 'learning_rate': 0.0002068996149387359, 'lr_step_size': 1000, 'lr_gamma': 1.0, 'lambda_mse': 1.0, 'lambda_ssim': 1.0, 'lambda_pearson': 2.3554736259144297e-05, 'lambda_l1': 1.0, 'weight_decay': 1.1680167132574519e-06, 'dropout_rate': 0.011672459276515279, 'batch_size': 128, 'fc_size': 6656, 'latent_size': 640}. Best is trial 0 with value: 0.000677.
Starting trial 1 with params: {'nr_epochs': 600, 'learning_rate': 0.00127705709395015, 'lr_step_size': 1000, 'lr_gamma': 1.0, 'lambda_mse': 1.0, 'lambda_ssim': 1.0, 'lambda_pearson': 2.6102171883714027e-05, 'lambda_l1': 1.0, 'weight_decay': 8.117839867327819e-05, 'dropout_rate': 0.43867082622066106, 'batch_size': 512, 'fc_size': 6592, 'latent_size': 704}
Running command for trial 1: python /home/jovyan/softwares/cae_tools/src/cae_tools/cli/train_cae.py --train-inputs /lustre_scratch/shaerdan/data_folder/train_v3/train/processed_train/train_743_189.nc /lustre_scratch/shaerdan/data_folder/train_v3/train/processed_train/train_450_123.nc /lustre_scratch/shaerdan/data_folder/train_v3/train/processed_train/train_288_62.nc /lustre_scratch/shaerdan/data_folder/train_v3/train/processed_train/train_477_132.nc /lustre_scratch/shaerdan/data_folder/train_v3/train/processed_train/train_551_152.nc /lustre_scratch/shaerdan/data_folder/train_v3/train/processed_train/train_315_73.nc /lustre_scratch/shaerdan/data_folder/train_v3/train/processed_train/train_798_198.nc /lustre_scratch/shaerdan/data_folder/train_v3/train/processed_train/train_289_63.nc /lustre_scratch/shaerdan/data_folder/train_v3/train/processed_train/train_613_172.nc /lustre_scratch/shaerdan/data_folder/train_v3/train/processed_train/train_395_106.nc /lustre_scratch/shaerdan/data_folder/train_v3/train/processed_train/train_318_75.nc /lustre_scratch/shaerdan/data_folder/train_v3/train/processed_train/train_267_58.nc /lustre_scratch/shaerdan/data_folder/train_v3/train/processed_train/train_290_64.nc /lustre_scratch/shaerdan/data_folder/train_v3/train/processed_train/train_374_96.nc /lustre_scratch/shaerdan/data_folder/train_v3/train/processed_train/train_368_94.nc /lustre_scratch/shaerdan/data_folder/train_v3/train/processed_train/train_367_93.nc /lustre_scratch/shaerdan/data_folder/train_v3/train/processed_train/train_230_50.nc /lustre_scratch/shaerdan/data_folder/train_v3/train/processed_train/train_525_147.nc /lustre_scratch/shaerdan/data_folder/train_v3/train/processed_train/train_343_83.nc /lustre_scratch/shaerdan/data_folder/train_v3/train/processed_train/train_582_162.nc /lustre_scratch/shaerdan/data_folder/train_v3/train/processed_train/train_342_82.nc /lustre_scratch/shaerdan/data_folder/train_v3/train/processed_train/train_583_163.nc /lustre_scratch/shaerdan/data_folder/train_v3/train/processed_train/train_558_156.nc /lustre_scratch/shaerdan/data_folder/train_v3/train/processed_train/train_427_116.nc /lustre_scratch/shaerdan/data_folder/train_v3/train/processed_train/train_797_197.nc /lustre_scratch/shaerdan/data_folder/train_v3/train/processed_train/train_552_153.nc /lustre_scratch/shaerdan/data_folder/train_v3/train/processed_train/train_398_107.nc /lustre_scratch/shaerdan/data_folder/train_v3/train/processed_train/train_720_186.nc /lustre_scratch/shaerdan/data_folder/train_v3/train/processed_train/train_313_71.nc /lustre_scratch/shaerdan/data_folder/train_v3/train/processed_train/train_403_110.nc /lustre_scratch/shaerdan/data_folder/train_v3/train/processed_train/train_316_74.nc /lustre_scratch/shaerdan/data_folder/train_v3/train/processed_train/train_373_95.nc /lustre_scratch/shaerdan/data_folder/train_v3/train/processed_train/train_424_114.nc /lustre_scratch/shaerdan/data_folder/train_v3/train/processed_train/train_505_143.nc /lustre_scratch/shaerdan/data_folder/train_v3/train/processed_train/train_826_206.nc /lustre_scratch/shaerdan/data_folder/train_v3/train/processed_train/train_665_177.nc /lustre_scratch/shaerdan/data_folder/train_v3/train/processed_train/train_402_109.nc /lustre_scratch/shaerdan/data_folder/train_v3/train/processed_train/train_347_84.nc /lustre_scratch/shaerdan/data_folder/train_v3/train/processed_train/train_586_165.nc /lustre_scratch/shaerdan/data_folder/train_v3/train/processed_train/train_262_54.nc /lustre_scratch/shaerdan/data_folder/train_v3/train/processed_train/train_264_56.nc /lustre_scratch/shaerdan/data_folder/train_v3/train/processed_train/train_451_124.nc /lustre_scratch/shaerdan/data_folder/train_v3/train/processed_train/train_399_108.nc /lustre_scratch/shaerdan/data_folder/train_v3/train/processed_train/train_692_181.nc /lustre_scratch/shaerdan/data_folder/train_v3/train/processed_train/train_745_190.nc /lustre_scratch/shaerdan/data_folder/train_v3/train/processed_train/train_825_205.nc /lustre_scratch/shaerdan/data_folder/train_v3/train/processed_train/train_319_76.nc /lustre_scratch/shaerdan/data_folder/train_v3/train/processed_train/train_524_146.nc /lustre_scratch/shaerdan/data_folder/train_v3/train/processed_train/train_532_150.nc /lustre_scratch/shaerdan/data_folder/train_v3/train/processed_train/train_748_191.nc /lustre_scratch/shaerdan/data_folder/train_v3/train/processed_train/train_341_81.nc /lustre_scratch/shaerdan/data_folder/train_v3/train/processed_train/train_609_171.nc /lustre_scratch/shaerdan/data_folder/train_v3/train/processed_train/train_394_105.nc /lustre_scratch/shaerdan/data_folder/train_v3/train/processed_train/train_294_65.nc --test-inputs /lustre_scratch/shaerdan/data_folder/test_v3/test/processed_test/test_664_381.nc /lustre_scratch/shaerdan/data_folder/test_v3/test/processed_test/test_638_376.nc /lustre_scratch/shaerdan/data_folder/test_v3/test/processed_test/test_345_294.nc /lustre_scratch/shaerdan/data_folder/test_v3/test/processed_test/test_530_354.nc /lustre_scratch/shaerdan/data_folder/test_v3/test/processed_test/test_397_309.nc /lustre_scratch/shaerdan/data_folder/test_v3/test/processed_test/test_453_332.nc /lustre_scratch/shaerdan/data_folder/test_v3/test/processed_test/test_426_321.nc /lustre_scratch/shaerdan/data_folder/test_v3/test/processed_test/test_370_301.nc /lustre_scratch/shaerdan/data_folder/test_v3/test/processed_test/test_533_356.nc /lustre_scratch/shaerdan/data_folder/test_v3/test/processed_test/test_375_304.nc /lustre_scratch/shaerdan/data_folder/test_v3/test/processed_test/test_372_303.nc /lustre_scratch/shaerdan/data_folder/test_v3/test/processed_test/test_423_320.nc /lustre_scratch/shaerdan/data_folder/test_v3/test/processed_test/test_344_293.nc /lustre_scratch/shaerdan/data_folder/test_v3/test/processed_test/test_340_292.nc /lustre_scratch/shaerdan/data_folder/test_v3/test/processed_test/test_507_346.nc /lustre_scratch/shaerdan/data_folder/test_v3/test/processed_test/test_479_338.nc /lustre_scratch/shaerdan/data_folder/test_v3/test/processed_test/test_771_400.nc /lustre_scratch/shaerdan/data_folder/test_v3/test/processed_test/test_585_367.nc /lustre_scratch/shaerdan/data_folder/test_v3/test/processed_test/test_717_388.nc /lustre_scratch/shaerdan/data_folder/test_v3/test/processed_test/test_317_284.nc /lustre_scratch/shaerdan/data_folder/test_v3/test/processed_test/test_449_330.nc /lustre_scratch/shaerdan/data_folder/test_v3/test/processed_test/test_610_370.nc /lustre_scratch/shaerdan/data_folder/test_v3/test/processed_test/test_506_345.nc /lustre_scratch/shaerdan/data_folder/test_v3/test/processed_test/test_259_269.nc /lustre_scratch/shaerdan/data_folder/test_v3/test/processed_test/test_637_375.nc /lustre_scratch/shaerdan/data_folder/test_v3/test/processed_test/test_663_380.nc /lustre_scratch/shaerdan/data_folder/test_v3/test/processed_test/test_611_371.nc /lustre_scratch/shaerdan/data_folder/test_v3/test/processed_test/test_523_351.nc /lustre_scratch/shaerdan/data_folder/test_v3/test/processed_test/test_339_291.nc /lustre_scratch/shaerdan/data_folder/test_v3/test/processed_test/test_346_295.nc /lustre_scratch/shaerdan/data_folder/test_v3/test/processed_test/test_369_300.nc /lustre_scratch/shaerdan/data_folder/test_v3/test/processed_test/test_770_399.nc /lustre_scratch/shaerdan/data_folder/test_v3/test/processed_test/test_371_302.nc /lustre_scratch/shaerdan/data_folder/test_v3/test/processed_test/test_421_318.nc /lustre_scratch/shaerdan/data_folder/test_v3/test/processed_test/test_476_336.nc /lustre_scratch/shaerdan/data_folder/test_v3/test/processed_test/test_612_372.nc /lustre_scratch/shaerdan/data_folder/test_v3/test/processed_test/test_691_385.nc /lustre_scratch/shaerdan/data_folder/test_v3/test/processed_test/test_747_395.nc /lustre_scratch/shaerdan/data_folder/test_v3/test/processed_test/test_420_317.nc /lustre_scratch/shaerdan/data_folder/test_v3/test/processed_test/test_452_331.nc /lustre_scratch/shaerdan/data_folder/test_v3/test/processed_test/test_396_308.nc /lustre_scratch/shaerdan/data_folder/test_v3/test/processed_test/test_775_403.nc /lustre_scratch/shaerdan/data_folder/test_v3/test/processed_test/test_480_339.nc /lustre_scratch/shaerdan/data_folder/test_v3/test/processed_test/test_639_377.nc /lustre_scratch/shaerdan/data_folder/test_v3/test/processed_test/test_293_279.nc /lustre_scratch/shaerdan/data_folder/test_v3/test/processed_test/test_478_337.nc /lustre_scratch/shaerdan/data_folder/test_v3/test/processed_test/test_690_384.nc /lustre_scratch/shaerdan/data_folder/test_v3/test/processed_test/test_559_363.nc /lustre_scratch/shaerdan/data_folder/test_v3/test/processed_test/test_531_355.nc /lustre_scratch/shaerdan/data_folder/test_v3/test/processed_test/test_719_390.nc /lustre_scratch/shaerdan/data_folder/test_v3/test/processed_test/test_401_311.nc /lustre_scratch/shaerdan/data_folder/test_v3/test/processed_test/test_422_319.nc /lustre_scratch/shaerdan/data_folder/test_v3/test/processed_test/test_744_393.nc /lustre_scratch/shaerdan/data_folder/test_v3/test/processed_test/test_292_278.nc /lustre_scratch/shaerdan/data_folder/test_v3/test/processed_test/test_291_277.nc /lustre_scratch/shaerdan/data_folder/test_v3/test/processed_test/test_504_344.nc /lustre_scratch/shaerdan/data_folder/test_v3/test/processed_test/test_400_310.nc /lustre_scratch/shaerdan/data_folder/test_v3/test/processed_test/test_746_394.nc /lustre_scratch/shaerdan/data_folder/test_v3/test/processed_test/test_718_389.nc /lustre_scratch/shaerdan/data_folder/test_v3/test/processed_test/test_261_271.nc /lustre_scratch/shaerdan/data_folder/test_v3/test/processed_test/test_260_270.nc /lustre_scratch/shaerdan/data_folder/test_v3/test/processed_test/test_258_268.nc /lustre_scratch/shaerdan/data_folder/test_v3/test/processed_test/test_522_350.nc --model-folder /lustre_scratch/shaerdan/models/model_1 --input-variables land_cover albedo_monthly_climatology_means elevation era5_skt sin_doy cos_doy slope_magnitude slope_direction era5_u10 era5_v10 era5_ssrd --output-variable ST_slices --nr-epochs 600 --learning-rate 0.00127705709395015 --lr-step-size 1000 --lr-gamma 1.0 --lambda-mse 1.0 --lambda-ssim 1.0 --lambda-pearson 2.6102171883714027e-05 --lambda-l1 1.0 --weight-decay 8.117839867327819e-05 --dropout-rate 0.43867082622066106 --batch-size 512 --fc-size 6592 --latent-size 704 --method unet --scheduler-type None --layer-definitions-path spec_august_ver.json --database-path database_v23_wo_ssrd.db
Command output for trial 1:
Training cases: 9990, Test cases: 8280
{'land_cover': 1.0, 'albedo_monthly_climatology_means': -0.08084703981876373, 'elevation': -24.315156936645508, 'era5_skt': 268.7027282714844, 'sin_doy': 0.01716632954776287, 'cos_doy': -1.0, 'slope_magnitude': 0.0, 'slope_direction': -180.0, 'era5_u10': -9.049460411071777, 'era5_v10': -8.609658241271973, 'era5_ssrd': 197013.21875} {'land_cover': 22.0, 'albedo_monthly_climatology_means': 3.5322437286376953, 'elevation': 1174.817138671875, 'era5_skt': 310.4273376464844, 'sin_doy': 1.0, 'cos_doy': 0.9994106292724609, 'slope_magnitude': 1.541244387626648, 'slope_direction': 179.99989318847656, 'era5_u10': 13.69264030456543, 'era5_v10': 11.514508247375488, 'era5_ssrd': 11836934.0} 243.4262237548828 355.71160888671875
Running on device: cuda
epoch: 0, train_mse: 0.074649, train_pearson_loss: 0.9885, test_mse: 0.048409, test_pearson_loss: 0.9939
learn rate: 0.001277
epoch: 10, train_mse: 0.007589, train_pearson_loss: 0.9217, test_mse: 0.004196, test_pearson_loss: 0.8642
learn rate: 0.001277
epoch: 20, train_mse: 0.001567, train_pearson_loss: 0.8330, test_mse: 0.001180, test_pearson_loss: 0.7899
learn rate: 0.001276
epoch: 30, train_mse: 0.001115, train_pearson_loss: 0.7773, test_mse: 0.000944, test_pearson_loss: 0.7080
learn rate: 0.001274
epoch: 40, train_mse: 0.001558, train_pearson_loss: 0.8384, test_mse: 0.001197, test_pearson_loss: 0.7696
learn rate: 0.001272
epoch: 50, train_mse: 0.001631, train_pearson_loss: 0.8271, test_mse: 0.001099, test_pearson_loss: 0.7280
learn rate: 0.001270
epoch: 60, train_mse: 0.001009, train_pearson_loss: 0.7520, test_mse: 0.000819, test_pearson_loss: 0.6709
learn rate: 0.001267
epoch: 70, train_mse: 0.000918, train_pearson_loss: 0.7366, test_mse: 0.000781, test_pearson_loss: 0.6441
learn rate: 0.001263
epoch: 80, train_mse: 0.000981, train_pearson_loss: 0.7507, test_mse: 0.000815, test_pearson_loss: 0.6683
learn rate: 0.001260
epoch: 90, train_mse: 0.000881, train_pearson_loss: 0.7272, test_mse: 0.000779, test_pearson_loss: 0.6344
learn rate: 0.001255
epoch: 100, train_mse: 0.000839, train_pearson_loss: 0.7176, test_mse: 0.000737, test_pearson_loss: 0.6213
learn rate: 0.001250
epoch: 110, train_mse: 0.001156, train_pearson_loss: 0.7620, test_mse: 0.000782, test_pearson_loss: 0.6842
learn rate: 0.001245
epoch: 120, train_mse: 0.000898, train_pearson_loss: 0.7318, test_mse: 0.000769, test_pearson_loss: 0.6384
learn rate: 0.001239
epoch: 130, train_mse: 0.000849, train_pearson_loss: 0.7215, test_mse: 0.000746, test_pearson_loss: 0.6264
learn rate: 0.001233
epoch: 140, train_mse: 0.000814, train_pearson_loss: 0.7148, test_mse: 0.000750, test_pearson_loss: 0.6254
learn rate: 0.001226
epoch: 150, train_mse: 0.000773, train_pearson_loss: 0.7046, test_mse: 0.000711, test_pearson_loss: 0.6213
learn rate: 0.001219
epoch: 160, train_mse: 0.000748, train_pearson_loss: 0.6982, test_mse: 0.000733, test_pearson_loss: 0.5967
learn rate: 0.001212
epoch: 170, train_mse: 0.000797, train_pearson_loss: 0.7121, test_mse: 0.000747, test_pearson_loss: 0.6168
learn rate: 0.001205
epoch: 180, train_mse: 0.000718, train_pearson_loss: 0.6924, test_mse: 0.000752, test_pearson_loss: 0.5930
learn rate: 0.001197
epoch: 190, train_mse: 0.000712, train_pearson_loss: 0.6870, test_mse: 0.000755, test_pearson_loss: 0.5877
learn rate: 0.001189
epoch: 200, train_mse: 0.000675, train_pearson_loss: 0.6793, test_mse: 0.000718, test_pearson_loss: 0.5809
learn rate: 0.001181
epoch: 210, train_mse: 0.000663, train_pearson_loss: 0.6737, test_mse: 0.000711, test_pearson_loss: 0.5690
learn rate: 0.001172
epoch: 220, train_mse: 0.000642, train_pearson_loss: 0.6682, test_mse: 0.000718, test_pearson_loss: 0.5646
learn rate: 0.001164
epoch: 230, train_mse: 0.000623, train_pearson_loss: 0.6622, test_mse: 0.000809, test_pearson_loss: 0.5591
learn rate: 0.001155
epoch: 240, train_mse: 0.000611, train_pearson_loss: 0.6545, test_mse: 0.000732, test_pearson_loss: 0.5563
learn rate: 0.001146
epoch: 250, train_mse: 0.000589, train_pearson_loss: 0.6483, test_mse: 0.000713, test_pearson_loss: 0.5516
learn rate: 0.001138
epoch: 260, train_mse: 0.000579, train_pearson_loss: 0.6435, test_mse: 0.000792, test_pearson_loss: 0.5439
learn rate: 0.001129
epoch: 270, train_mse: 0.000580, train_pearson_loss: 0.6409, test_mse: 0.000737, test_pearson_loss: 0.5412
learn rate: 0.001120
epoch: 280, train_mse: 0.000563, train_pearson_loss: 0.6361, test_mse: 0.000674, test_pearson_loss: 0.5363
learn rate: 0.001112
epoch: 290, train_mse: 0.000549, train_pearson_loss: 0.6349, test_mse: 0.000673, test_pearson_loss: 0.5295
learn rate: 0.001103
epoch: 300, train_mse: 0.000548, train_pearson_loss: 0.6326, test_mse: 0.000670, test_pearson_loss: 0.5273
learn rate: 0.001095
epoch: 310, train_mse: 0.000543, train_pearson_loss: 0.6307, test_mse: 0.000674, test_pearson_loss: 0.5272
learn rate: 0.001087
epoch: 320, train_mse: 0.000529, train_pearson_loss: 0.6282, test_mse: 0.000710, test_pearson_loss: 0.5198
learn rate: 0.001079
epoch: 330, train_mse: 0.000527, train_pearson_loss: 0.6263, test_mse: 0.000756, test_pearson_loss: 0.5195
learn rate: 0.001071
epoch: 340, train_mse: 0.000526, train_pearson_loss: 0.6238, test_mse: 0.000739, test_pearson_loss: 0.5211
learn rate: 0.001064
epoch: 350, train_mse: 0.000514, train_pearson_loss: 0.6224, test_mse: 0.000704, test_pearson_loss: 0.5156
learn rate: 0.001056
epoch: 360, train_mse: 0.000504, train_pearson_loss: 0.6198, test_mse: 0.000723, test_pearson_loss: 0.5153
learn rate: 0.001050
epoch: 370, train_mse: 0.000499, train_pearson_loss: 0.6164, test_mse: 0.000715, test_pearson_loss: 0.5141
learn rate: 0.001043
epoch: 380, train_mse: 0.000510, train_pearson_loss: 0.6182, test_mse: 0.000723, test_pearson_loss: 0.5085
learn rate: 0.001037
epoch: 390, train_mse: 0.000489, train_pearson_loss: 0.6156, test_mse: 0.000704, test_pearson_loss: 0.5138
learn rate: 0.001031
epoch: 400, train_mse: 0.000497, train_pearson_loss: 0.6145, test_mse: 0.000798, test_pearson_loss: 0.5128
learn rate: 0.001026
epoch: 410, train_mse: 0.000482, train_pearson_loss: 0.6116, test_mse: 0.000661, test_pearson_loss: 0.5056
learn rate: 0.001021
epoch: 420, train_mse: 0.000495, train_pearson_loss: 0.6125, test_mse: 0.000721, test_pearson_loss: 0.5120
learn rate: 0.001017
epoch: 430, train_mse: 0.000511, train_pearson_loss: 0.6139, test_mse: 0.000759, test_pearson_loss: 0.5149
learn rate: 0.001013
epoch: 440, train_mse: 0.000559, train_pearson_loss: 0.6186, test_mse: 0.000707, test_pearson_loss: 0.5186
learn rate: 0.001009
epoch: 450, train_mse: 0.000481, train_pearson_loss: 0.6109, test_mse: 0.000666, test_pearson_loss: 0.5130
learn rate: 0.001007
epoch: 460, train_mse: 0.000482, train_pearson_loss: 0.6086, test_mse: 0.000704, test_pearson_loss: 0.5143
learn rate: 0.001004
epoch: 470, train_mse: 0.000521, train_pearson_loss: 0.6109, test_mse: 0.000691, test_pearson_loss: 0.5073
learn rate: 0.001002
epoch: 480, train_mse: 0.000463, train_pearson_loss: 0.6058, test_mse: 0.000667, test_pearson_loss: 0.5057
learn rate: 0.001001
epoch: 490, train_mse: 0.000476, train_pearson_loss: 0.6050, test_mse: 0.000668, test_pearson_loss: 0.5056
learn rate: 0.001000
epoch: 500, train_mse: 0.000457, train_pearson_loss: 0.6025, test_mse: 0.000666, test_pearson_loss: 0.5056
learn rate: 0.001000
epoch: 510, train_mse: 0.000478, train_pearson_loss: 0.6008, test_mse: 0.000774, test_pearson_loss: 0.5006
learn rate: 0.001000
epoch: 520, train_mse: 0.000459, train_pearson_loss: 0.6017, test_mse: 0.000671, test_pearson_loss: 0.4988
learn rate: 0.001000
epoch: 530, train_mse: 0.000449, train_pearson_loss: 0.5990, test_mse: 0.000723, test_pearson_loss: 0.4945
learn rate: 0.001000
epoch: 540, train_mse: 0.000449, train_pearson_loss: 0.5972, test_mse: 0.000673, test_pearson_loss: 0.4943
learn rate: 0.001000
epoch: 550, train_mse: 0.000457, train_pearson_loss: 0.5983, test_mse: 0.000660, test_pearson_loss: 0.5019
learn rate: 0.001000
epoch: 560, train_mse: 0.000465, train_pearson_loss: 0.5985, test_mse: 0.000636, test_pearson_loss: 0.4951
learn rate: 0.001000
epoch: 570, train_mse: 0.000449, train_pearson_loss: 0.5959, test_mse: 0.000657, test_pearson_loss: 0.4947
learn rate: 0.001000
epoch: 580, train_mse: 0.000461, train_pearson_loss: 0.5959, test_mse: 0.000654, test_pearson_loss: 0.4938
learn rate: 0.001000
epoch: 590, train_mse: 0.000450, train_pearson_loss: 0.5939, test_mse: 0.000645, test_pearson_loss: 0.4967
learn rate: 0.001000
elapsed:4439.227120399475

Test Metrics
	mse                           :7.895409450536314
	rmse                          :2.80987712374337
	mae                           :1.9098711100993657
	mean_pearson_correlation      :0.5055001856270311

Train Metrics
	mse                           :4.7362296403663136
	rmse                          :2.1762880416815955
	mae                           :1.5626369792838157
	mean_pearson_correlation      :0.5326157306162502
c3f4562f-8ae6-4dab-b916-fe8f400a5030 /lustre_scratch/shaerdan/data_folder/train_v3/train/processed_train/train_743_189.nc;/lustre_scratch/shaerdan/data_folder/train_v3/train/processed_train/train_450_123.nc;/lustre_scratch/shaerdan/data_folder/train_v3/train/processed_train/train_288_62.nc;/lustre_scratch/shaerdan/data_folder/train_v3/train/processed_train/train_477_132.nc;/lustre_scratch/shaerdan/data_folder/train_v3/train/processed_train/train_551_152.nc;/lustre_scratch/shaerdan/data_folder/train_v3/train/processed_train/train_315_73.nc;/lustre_scratch/shaerdan/data_folder/train_v3/train/processed_train/train_798_198.nc;/lustre_scratch/shaerdan/data_folder/train_v3/train/processed_train/train_289_63.nc;/lustre_scratch/shaerdan/data_folder/train_v3/train/processed_train/train_613_172.nc;/lustre_scratch/shaerdan/data_folder/train_v3/train/processed_train/train_395_106.nc;/lustre_scratch/shaerdan/data_folder/train_v3/train/processed_train/train_318_75.nc;/lustre_scratch/shaerdan/data_folder/train_v3/train/processed_train/train_267_58.nc;/lustre_scratch/shaerdan/data_folder/train_v3/train/processed_train/train_290_64.nc;/lustre_scratch/shaerdan/data_folder/train_v3/train/processed_train/train_374_96.nc;/lustre_scratch/shaerdan/data_folder/train_v3/train/processed_train/train_368_94.nc;/lustre_scratch/shaerdan/data_folder/train_v3/train/processed_train/train_367_93.nc;/lustre_scratch/shaerdan/data_folder/train_v3/train/processed_train/train_230_50.nc;/lustre_scratch/shaerdan/data_folder/train_v3/train/processed_train/train_525_147.nc;/lustre_scratch/shaerdan/data_folder/train_v3/train/processed_train/train_343_83.nc;/lustre_scratch/shaerdan/data_folder/train_v3/train/processed_train/train_582_162.nc;/lustre_scratch/shaerdan/data_folder/train_v3/train/processed_train/train_342_82.nc;/lustre_scratch/shaerdan/data_folder/train_v3/train/processed_train/train_583_163.nc;/lustre_scratch/shaerdan/data_folder/train_v3/train/processed_train/train_558_156.nc;/lustre_scratch/shaerdan/data_folder/train_v3/train/processed_train/train_427_116.nc;/lustre_scratch/shaerdan/data_folder/train_v3/train/processed_train/train_797_197.nc;/lustre_scratch/shaerdan/data_folder/train_v3/train/processed_train/train_552_153.nc;/lustre_scratch/shaerdan/data_folder/train_v3/train/processed_train/train_398_107.nc;/lustre_scratch/shaerdan/data_folder/train_v3/train/processed_train/train_720_186.nc;/lustre_scratch/shaerdan/data_folder/train_v3/train/processed_train/train_313_71.nc;/lustre_scratch/shaerdan/data_folder/train_v3/train/processed_train/train_403_110.nc;/lustre_scratch/shaerdan/data_folder/train_v3/train/processed_train/train_316_74.nc;/lustre_scratch/shaerdan/data_folder/train_v3/train/processed_train/train_373_95.nc;/lustre_scratch/shaerdan/data_folder/train_v3/train/processed_train/train_424_114.nc;/lustre_scratch/shaerdan/data_folder/train_v3/train/processed_train/train_505_143.nc;/lustre_scratch/shaerdan/data_folder/train_v3/train/processed_train/train_826_206.nc;/lustre_scratch/shaerdan/data_folder/train_v3/train/processed_train/train_665_177.nc;/lustre_scratch/shaerdan/data_folder/train_v3/train/processed_train/train_402_109.nc;/lustre_scratch/shaerdan/data_folder/train_v3/train/processed_train/train_347_84.nc;/lustre_scratch/shaerdan/data_folder/train_v3/train/processed_train/train_586_165.nc;/lustre_scratch/shaerdan/data_folder/train_v3/train/processed_train/train_262_54.nc;/lustre_scratch/shaerdan/data_folder/train_v3/train/processed_train/train_264_56.nc;/lustre_scratch/shaerdan/data_folder/train_v3/train/processed_train/train_451_124.nc;/lustre_scratch/shaerdan/data_folder/train_v3/train/processed_train/train_399_108.nc;/lustre_scratch/shaerdan/data_folder/train_v3/train/processed_train/train_692_181.nc;/lustre_scratch/shaerdan/data_folder/train_v3/train/processed_train/train_745_190.nc;/lustre_scratch/shaerdan/data_folder/train_v3/train/processed_train/train_825_205.nc;/lustre_scratch/shaerdan/data_folder/train_v3/train/processed_train/train_319_76.nc;/lustre_scratch/shaerdan/data_folder/train_v3/train/processed_train/train_524_146.nc;/lustre_scratch/shaerdan/data_folder/train_v3/train/processed_train/train_532_150.nc;/lustre_scratch/shaerdan/data_folder/train_v3/train/processed_train/train_748_191.nc;/lustre_scratch/shaerdan/data_folder/train_v3/train/processed_train/train_341_81.nc;/lustre_scratch/shaerdan/data_folder/train_v3/train/processed_train/train_609_171.nc;/lustre_scratch/shaerdan/data_folder/train_v3/train/processed_train/train_394_105.nc;/lustre_scratch/shaerdan/data_folder/train_v3/train/processed_train/train_294_65.nc /lustre_scratch/shaerdan/data_folder/test_v3/test/processed_test/test_664_381.nc;/lustre_scratch/shaerdan/data_folder/test_v3/test/processed_test/test_638_376.nc;/lustre_scratch/shaerdan/data_folder/test_v3/test/processed_test/test_345_294.nc;/lustre_scratch/shaerdan/data_folder/test_v3/test/processed_test/test_530_354.nc;/lustre_scratch/shaerdan/data_folder/test_v3/test/processed_test/test_397_309.nc;/lustre_scratch/shaerdan/data_folder/test_v3/test/processed_test/test_453_332.nc;/lustre_scratch/shaerdan/data_folder/test_v3/test/processed_test/test_426_321.nc;/lustre_scratch/shaerdan/data_folder/test_v3/test/processed_test/test_370_301.nc;/lustre_scratch/shaerdan/data_folder/test_v3/test/processed_test/test_533_356.nc;/lustre_scratch/shaerdan/data_folder/test_v3/test/processed_test/test_375_304.nc;/lustre_scratch/shaerdan/data_folder/test_v3/test/processed_test/test_372_303.nc;/lustre_scratch/shaerdan/data_folder/test_v3/test/processed_test/test_423_320.nc;/lustre_scratch/shaerdan/data_folder/test_v3/test/processed_test/test_344_293.nc;/lustre_scratch/shaerdan/data_folder/test_v3/test/processed_test/test_340_292.nc;/lustre_scratch/shaerdan/data_folder/test_v3/test/processed_test/test_507_346.nc;/lustre_scratch/shaerdan/data_folder/test_v3/test/processed_test/test_479_338.nc;/lustre_scratch/shaerdan/data_folder/test_v3/test/processed_test/test_771_400.nc;/lustre_scratch/shaerdan/data_folder/test_v3/test/processed_test/test_585_367.nc;/lustre_scratch/shaerdan/data_folder/test_v3/test/processed_test/test_717_388.nc;/lustre_scratch/shaerdan/data_folder/test_v3/test/processed_test/test_317_284.nc;/lustre_scratch/shaerdan/data_folder/test_v3/test/processed_test/test_449_330.nc;/lustre_scratch/shaerdan/data_folder/test_v3/test/processed_test/test_610_370.nc;/lustre_scratch/shaerdan/data_folder/test_v3/test/processed_test/test_506_345.nc;/lustre_scratch/shaerdan/data_folder/test_v3/test/processed_test/test_259_269.nc;/lustre_scratch/shaerdan/data_folder/test_v3/test/processed_test/test_637_375.nc;/lustre_scratch/shaerdan/data_folder/test_v3/test/processed_test/test_663_380.nc;/lustre_scratch/shaerdan/data_folder/test_v3/test/processed_test/test_611_371.nc;/lustre_scratch/shaerdan/data_folder/test_v3/test/processed_test/test_523_351.nc;/lustre_scratch/shaerdan/data_folder/test_v3/test/processed_test/test_339_291.nc;/lustre_scratch/shaerdan/data_folder/test_v3/test/processed_test/test_346_295.nc;/lustre_scratch/shaerdan/data_folder/test_v3/test/processed_test/test_369_300.nc;/lustre_scratch/shaerdan/data_folder/test_v3/test/processed_test/test_770_399.nc;/lustre_scratch/shaerdan/data_folder/test_v3/test/processed_test/test_371_302.nc;/lustre_scratch/shaerdan/data_folder/test_v3/test/processed_test/test_421_318.nc;/lustre_scratch/shaerdan/data_folder/test_v3/test/processed_test/test_476_336.nc;/lustre_scratch/shaerdan/data_folder/test_v3/test/processed_test/test_612_372.nc;/lustre_scratch/shaerdan/data_folder/test_v3/test/processed_test/test_691_385.nc;/lustre_scratch/shaerdan/data_folder/test_v3/test/processed_test/test_747_395.nc;/lustre_scratch/shaerdan/data_folder/test_v3/test/processed_test/test_420_317.nc;/lustre_scratch/shaerdan/data_folder/test_v3/test/processed_test/test_452_331.nc;/lustre_scratch/shaerdan/data_folder/test_v3/test/processed_test/test_396_308.nc;/lustre_scratch/shaerdan/data_folder/test_v3/test/processed_test/test_775_403.nc;/lustre_scratch/shaerdan/data_folder/test_v3/test/processed_test/test_480_339.nc;/lustre_scratch/shaerdan/data_folder/test_v3/test/processed_test/test_639_377.nc;/lustre_scratch/shaerdan/data_folder/test_v3/test/processed_test/test_293_279.nc;/lustre_scratch/shaerdan/data_folder/test_v3/test/processed_test/test_478_337.nc;/lustre_scratch/shaerdan/data_folder/test_v3/test/processed_test/test_690_384.nc;/lustre_scratch/shaerdan/data_folder/test_v3/test/processed_test/test_559_363.nc;/lustre_scratch/shaerdan/data_folder/test_v3/test/processed_test/test_531_355.nc;/lustre_scratch/shaerdan/data_folder/test_v3/test/processed_test/test_719_390.nc;/lustre_scratch/shaerdan/data_folder/test_v3/test/processed_test/test_401_311.nc;/lustre_scratch/shaerdan/data_folder/test_v3/test/processed_test/test_422_319.nc;/lustre_scratch/shaerdan/data_folder/test_v3/test/processed_test/test_744_393.nc;/lustre_scratch/shaerdan/data_folder/test_v3/test/processed_test/test_292_278.nc;/lustre_scratch/shaerdan/data_folder/test_v3/test/processed_test/test_291_277.nc;/lustre_scratch/shaerdan/data_folder/test_v3/test/processed_test/test_504_344.nc;/lustre_scratch/shaerdan/data_folder/test_v3/test/processed_test/test_400_310.nc;/lustre_scratch/shaerdan/data_folder/test_v3/test/processed_test/test_746_394.nc;/lustre_scratch/shaerdan/data_folder/test_v3/test/processed_test/test_718_389.nc;/lustre_scratch/shaerdan/data_folder/test_v3/test/processed_test/test_261_271.nc;/lustre_scratch/shaerdan/data_folder/test_v3/test/processed_test/test_260_270.nc;/lustre_scratch/shaerdan/data_folder/test_v3/test/processed_test/test_258_268.nc;/lustre_scratch/shaerdan/data_folder/test_v3/test/processed_test/test_522_350.nc {'test': {'mse': 7.895409450536314, 'rmse': 2.80987712374337, 'mae': 1.9098711100993657, 'mean_pearson_correlation': 0.5055001856270311}, 'train': {'mse': 4.7362296403663136, 'rmse': 2.1762880416815955, 'mae': 1.5626369792838157, 'mean_pearson_correlation': 0.5326157306162502}}
hypar_optim.py:10: FutureWarning: suggest_loguniform has been deprecated in v3.0.0. This feature will be removed in v6.0.0. See https://github.com/optuna/optuna/releases/tag/v3.0.0. Use suggest_float(..., log=True) instead.
  'learning_rate': trial.suggest_loguniform('learning_rate', 1e-5, 1e-2),
hypar_optim.py:12: FutureWarning: suggest_uniform has been deprecated in v3.0.0. This feature will be removed in v6.0.0. See https://github.com/optuna/optuna/releases/tag/v3.0.0. Use suggest_float instead.
  'lr_gamma': trial.suggest_uniform('lr_gamma', 1.0, 1.0),
hypar_optim.py:13: FutureWarning: suggest_uniform has been deprecated in v3.0.0. This feature will be removed in v6.0.0. See https://github.com/optuna/optuna/releases/tag/v3.0.0. Use suggest_float instead.
  'lambda_mse': trial.suggest_uniform('lambda_mse', 1, 1),
hypar_optim.py:14: FutureWarning: suggest_uniform has been deprecated in v3.0.0. This feature will be removed in v6.0.0. See https://github.com/optuna/optuna/releases/tag/v3.0.0. Use suggest_float instead.
  'lambda_ssim': trial.suggest_uniform('lambda_ssim', 1, 1),
hypar_optim.py:15: FutureWarning: suggest_loguniform has been deprecated in v3.0.0. This feature will be removed in v6.0.0. See https://github.com/optuna/optuna/releases/tag/v3.0.0. Use suggest_float(..., log=True) instead.
  'lambda_pearson': trial.suggest_loguniform('lambda_pearson', 1e-5, 1e-2),
hypar_optim.py:16: FutureWarning: suggest_uniform has been deprecated in v3.0.0. This feature will be removed in v6.0.0. See https://github.com/optuna/optuna/releases/tag/v3.0.0. Use suggest_float instead.
  'lambda_l1': trial.suggest_uniform('lambda_l1', 1, 1),
hypar_optim.py:17: FutureWarning: suggest_loguniform has been deprecated in v3.0.0. This feature will be removed in v6.0.0. See https://github.com/optuna/optuna/releases/tag/v3.0.0. Use suggest_float(..., log=True) instead.
  'weight_decay': trial.suggest_loguniform('weight_decay', 1e-6, 1e-3),
hypar_optim.py:18: FutureWarning: suggest_uniform has been deprecated in v3.0.0. This feature will be removed in v6.0.0. See https://github.com/optuna/optuna/releases/tag/v3.0.0. Use suggest_float instead.
  'dropout_rate': trial.suggest_uniform('dropout_rate', 0.0, 0.5),
                                                                                                                                                                                                                                                   Best trial: 0. Best value: 0.000677:   2%|███▎                                                                                                                                                               | 1/50 [2:51:06<77:29:19, 5693.06s/it]Best trial: 1. Best value: 0.000645:   2%|███▎                                                                                                                                                               | 1/50 [2:51:06<77:29:19, 5693.06s/it]Best trial: 1. Best value: 0.000645:   4%|██████▌                                                                                                                                                            | 2/50 [2:51:06<67:07:36, 5034.51s/it]
Final test_mse for trial 1: 0.000645
[I 2024-11-10 17:10:11,923] Trial 1 finished with value: 0.000645 and parameters: {'nr_epochs': 600, 'learning_rate': 0.00127705709395015, 'lr_step_size': 1000, 'lr_gamma': 1.0, 'lambda_mse': 1.0, 'lambda_ssim': 1.0, 'lambda_pearson': 2.6102171883714027e-05, 'lambda_l1': 1.0, 'weight_decay': 8.117839867327819e-05, 'dropout_rate': 0.43867082622066106, 'batch_size': 512, 'fc_size': 6592, 'latent_size': 704}. Best is trial 1 with value: 0.000645.
Starting trial 2 with params: {'nr_epochs': 600, 'learning_rate': 9.763020028691594e-05, 'lr_step_size': 1000, 'lr_gamma': 1.0, 'lambda_mse': 1.0, 'lambda_ssim': 1.0, 'lambda_pearson': 0.002144631219270939, 'lambda_l1': 1.0, 'weight_decay': 6.035754817590433e-05, 'dropout_rate': 0.032980637882147, 'batch_size': 128, 'fc_size': 1088, 'latent_size': 1152}
Running command for trial 2: python /home/jovyan/softwares/cae_tools/src/cae_tools/cli/train_cae.py --train-inputs /lustre_scratch/shaerdan/data_folder/train_v3/train/processed_train/train_427_116.nc /lustre_scratch/shaerdan/data_folder/train_v3/train/processed_train/train_552_153.nc /lustre_scratch/shaerdan/data_folder/train_v3/train/processed_train/train_294_65.nc /lustre_scratch/shaerdan/data_folder/train_v3/train/processed_train/train_424_114.nc /lustre_scratch/shaerdan/data_folder/train_v3/train/processed_train/train_368_94.nc /lustre_scratch/shaerdan/data_folder/train_v3/train/processed_train/train_582_162.nc /lustre_scratch/shaerdan/data_folder/train_v3/train/processed_train/train_477_132.nc /lustre_scratch/shaerdan/data_folder/train_v3/train/processed_train/train_586_165.nc /lustre_scratch/shaerdan/data_folder/train_v3/train/processed_train/train_367_93.nc /lustre_scratch/shaerdan/data_folder/train_v3/train/processed_train/train_558_156.nc /lustre_scratch/shaerdan/data_folder/train_v3/train/processed_train/train_797_197.nc /lustre_scratch/shaerdan/data_folder/train_v3/train/processed_train/train_319_76.nc /lustre_scratch/shaerdan/data_folder/train_v3/train/processed_train/train_505_143.nc /lustre_scratch/shaerdan/data_folder/train_v3/train/processed_train/train_451_124.nc /lustre_scratch/shaerdan/data_folder/train_v3/train/processed_train/train_316_74.nc /lustre_scratch/shaerdan/data_folder/train_v3/train/processed_train/train_267_58.nc /lustre_scratch/shaerdan/data_folder/train_v3/train/processed_train/train_290_64.nc /lustre_scratch/shaerdan/data_folder/train_v3/train/processed_train/train_743_189.nc /lustre_scratch/shaerdan/data_folder/train_v3/train/processed_train/train_402_109.nc /lustre_scratch/shaerdan/data_folder/train_v3/train/processed_train/train_450_123.nc /lustre_scratch/shaerdan/data_folder/train_v3/train/processed_train/train_398_107.nc /lustre_scratch/shaerdan/data_folder/train_v3/train/processed_train/train_720_186.nc /lustre_scratch/shaerdan/data_folder/train_v3/train/processed_train/train_395_106.nc /lustre_scratch/shaerdan/data_folder/train_v3/train/processed_train/train_532_150.nc /lustre_scratch/shaerdan/data_folder/train_v3/train/processed_train/train_230_50.nc /lustre_scratch/shaerdan/data_folder/train_v3/train/processed_train/train_341_81.nc /lustre_scratch/shaerdan/data_folder/train_v3/train/processed_train/train_551_152.nc /lustre_scratch/shaerdan/data_folder/train_v3/train/processed_train/train_318_75.nc /lustre_scratch/shaerdan/data_folder/train_v3/train/processed_train/train_315_73.nc /lustre_scratch/shaerdan/data_folder/train_v3/train/processed_train/train_399_108.nc /lustre_scratch/shaerdan/data_folder/train_v3/train/processed_train/train_745_190.nc /lustre_scratch/shaerdan/data_folder/train_v3/train/processed_train/train_262_54.nc /lustre_scratch/shaerdan/data_folder/train_v3/train/processed_train/train_374_96.nc /lustre_scratch/shaerdan/data_folder/train_v3/train/processed_train/train_825_205.nc /lustre_scratch/shaerdan/data_folder/train_v3/train/processed_train/train_524_146.nc /lustre_scratch/shaerdan/data_folder/train_v3/train/processed_train/train_748_191.nc /lustre_scratch/shaerdan/data_folder/train_v3/train/processed_train/train_826_206.nc /lustre_scratch/shaerdan/data_folder/train_v3/train/processed_train/train_373_95.nc /lustre_scratch/shaerdan/data_folder/train_v3/train/processed_train/train_347_84.nc /lustre_scratch/shaerdan/data_folder/train_v3/train/processed_train/train_583_163.nc /lustre_scratch/shaerdan/data_folder/train_v3/train/processed_train/train_288_62.nc /lustre_scratch/shaerdan/data_folder/train_v3/train/processed_train/train_403_110.nc /lustre_scratch/shaerdan/data_folder/train_v3/train/processed_train/train_665_177.nc /lustre_scratch/shaerdan/data_folder/train_v3/train/processed_train/train_798_198.nc /lustre_scratch/shaerdan/data_folder/train_v3/train/processed_train/train_343_83.nc /lustre_scratch/shaerdan/data_folder/train_v3/train/processed_train/train_264_56.nc /lustre_scratch/shaerdan/data_folder/train_v3/train/processed_train/train_342_82.nc /lustre_scratch/shaerdan/data_folder/train_v3/train/processed_train/train_525_147.nc /lustre_scratch/shaerdan/data_folder/train_v3/train/processed_train/train_692_181.nc /lustre_scratch/shaerdan/data_folder/train_v3/train/processed_train/train_613_172.nc /lustre_scratch/shaerdan/data_folder/train_v3/train/processed_train/train_289_63.nc /lustre_scratch/shaerdan/data_folder/train_v3/train/processed_train/train_609_171.nc /lustre_scratch/shaerdan/data_folder/train_v3/train/processed_train/train_313_71.nc /lustre_scratch/shaerdan/data_folder/train_v3/train/processed_train/train_394_105.nc --test-inputs /lustre_scratch/shaerdan/data_folder/test_v3/test/processed_test/test_719_390.nc /lustre_scratch/shaerdan/data_folder/test_v3/test/processed_test/test_372_303.nc /lustre_scratch/shaerdan/data_folder/test_v3/test/processed_test/test_638_376.nc /lustre_scratch/shaerdan/data_folder/test_v3/test/processed_test/test_478_337.nc /lustre_scratch/shaerdan/data_folder/test_v3/test/processed_test/test_370_301.nc /lustre_scratch/shaerdan/data_folder/test_v3/test/processed_test/test_401_311.nc /lustre_scratch/shaerdan/data_folder/test_v3/test/processed_test/test_744_393.nc /lustre_scratch/shaerdan/data_folder/test_v3/test/processed_test/test_690_384.nc /lustre_scratch/shaerdan/data_folder/test_v3/test/processed_test/test_259_269.nc /lustre_scratch/shaerdan/data_folder/test_v3/test/processed_test/test_691_385.nc /lustre_scratch/shaerdan/data_folder/test_v3/test/processed_test/test_397_309.nc /lustre_scratch/shaerdan/data_folder/test_v3/test/processed_test/test_420_317.nc /lustre_scratch/shaerdan/data_folder/test_v3/test/processed_test/test_533_356.nc /lustre_scratch/shaerdan/data_folder/test_v3/test/processed_test/test_664_381.nc /lustre_scratch/shaerdan/data_folder/test_v3/test/processed_test/test_504_344.nc /lustre_scratch/shaerdan/data_folder/test_v3/test/processed_test/test_260_270.nc /lustre_scratch/shaerdan/data_folder/test_v3/test/processed_test/test_585_367.nc /lustre_scratch/shaerdan/data_folder/test_v3/test/processed_test/test_476_336.nc /lustre_scratch/shaerdan/data_folder/test_v3/test/processed_test/test_346_295.nc /lustre_scratch/shaerdan/data_folder/test_v3/test/processed_test/test_611_371.nc /lustre_scratch/shaerdan/data_folder/test_v3/test/processed_test/test_345_294.nc /lustre_scratch/shaerdan/data_folder/test_v3/test/processed_test/test_452_331.nc /lustre_scratch/shaerdan/data_folder/test_v3/test/processed_test/test_480_339.nc /lustre_scratch/shaerdan/data_folder/test_v3/test/processed_test/test_775_403.nc /lustre_scratch/shaerdan/data_folder/test_v3/test/processed_test/test_771_400.nc /lustre_scratch/shaerdan/data_folder/test_v3/test/processed_test/test_261_271.nc /lustre_scratch/shaerdan/data_folder/test_v3/test/processed_test/test_610_370.nc /lustre_scratch/shaerdan/data_folder/test_v3/test/processed_test/test_340_292.nc /lustre_scratch/shaerdan/data_folder/test_v3/test/processed_test/test_479_338.nc /lustre_scratch/shaerdan/data_folder/test_v3/test/processed_test/test_293_279.nc /lustre_scratch/shaerdan/data_folder/test_v3/test/processed_test/test_423_320.nc /lustre_scratch/shaerdan/data_folder/test_v3/test/processed_test/test_291_277.nc /lustre_scratch/shaerdan/data_folder/test_v3/test/processed_test/test_375_304.nc /lustre_scratch/shaerdan/data_folder/test_v3/test/processed_test/test_747_395.nc /lustre_scratch/shaerdan/data_folder/test_v3/test/processed_test/test_396_308.nc /lustre_scratch/shaerdan/data_folder/test_v3/test/processed_test/test_506_345.nc /lustre_scratch/shaerdan/data_folder/test_v3/test/processed_test/test_746_394.nc /lustre_scratch/shaerdan/data_folder/test_v3/test/processed_test/test_770_399.nc /lustre_scratch/shaerdan/data_folder/test_v3/test/processed_test/test_421_318.nc /lustre_scratch/shaerdan/data_folder/test_v3/test/processed_test/test_339_291.nc /lustre_scratch/shaerdan/data_folder/test_v3/test/processed_test/test_559_363.nc /lustre_scratch/shaerdan/data_folder/test_v3/test/processed_test/test_317_284.nc /lustre_scratch/shaerdan/data_folder/test_v3/test/processed_test/test_523_351.nc /lustre_scratch/shaerdan/data_folder/test_v3/test/processed_test/test_449_330.nc /lustre_scratch/shaerdan/data_folder/test_v3/test/processed_test/test_639_377.nc /lustre_scratch/shaerdan/data_folder/test_v3/test/processed_test/test_507_346.nc /lustre_scratch/shaerdan/data_folder/test_v3/test/processed_test/test_400_310.nc /lustre_scratch/shaerdan/data_folder/test_v3/test/processed_test/test_422_319.nc /lustre_scratch/shaerdan/data_folder/test_v3/test/processed_test/test_369_300.nc /lustre_scratch/shaerdan/data_folder/test_v3/test/processed_test/test_530_354.nc /lustre_scratch/shaerdan/data_folder/test_v3/test/processed_test/test_453_332.nc /lustre_scratch/shaerdan/data_folder/test_v3/test/processed_test/test_426_321.nc /lustre_scratch/shaerdan/data_folder/test_v3/test/processed_test/test_531_355.nc /lustre_scratch/shaerdan/data_folder/test_v3/test/processed_test/test_718_389.nc /lustre_scratch/shaerdan/data_folder/test_v3/test/processed_test/test_522_350.nc /lustre_scratch/shaerdan/data_folder/test_v3/test/processed_test/test_292_278.nc /lustre_scratch/shaerdan/data_folder/test_v3/test/processed_test/test_371_302.nc /lustre_scratch/shaerdan/data_folder/test_v3/test/processed_test/test_258_268.nc /lustre_scratch/shaerdan/data_folder/test_v3/test/processed_test/test_612_372.nc /lustre_scratch/shaerdan/data_folder/test_v3/test/processed_test/test_637_375.nc /lustre_scratch/shaerdan/data_folder/test_v3/test/processed_test/test_344_293.nc /lustre_scratch/shaerdan/data_folder/test_v3/test/processed_test/test_663_380.nc /lustre_scratch/shaerdan/data_folder/test_v3/test/processed_test/test_717_388.nc --model-folder /lustre_scratch/shaerdan/models/model_2 --input-variables land_cover albedo_monthly_climatology_means elevation era5_skt sin_doy cos_doy slope_magnitude slope_direction era5_u10 era5_v10 era5_ssrd --output-variable ST_slices --nr-epochs 600 --learning-rate 9.763020028691594e-05 --lr-step-size 1000 --lr-gamma 1.0 --lambda-mse 1.0 --lambda-ssim 1.0 --lambda-pearson 0.002144631219270939 --lambda-l1 1.0 --weight-decay 6.035754817590433e-05 --dropout-rate 0.032980637882147 --batch-size 128 --fc-size 1088 --latent-size 1152 --method unet --scheduler-type None --layer-definitions-path spec_august_ver.json --database-path database_v23_wo_ssrd.dbTraceback (most recent call last):
  File "hypar_optim.py", line 1, in <module>
    import optuna
ModuleNotFoundError: No module named 'optuna'
[I 2024-11-11 06:36:17,643] A new study created in RDB with name: unet_hyperparameter_optimization
  0%|                                                                                                                                                                                                                           | 0/50 [00:00<?, ?it/s]Starting trial 0 with params: {'nr_epochs': 600, 'learning_rate': 6.789283025192389e-05, 'lr_step_size': 1000, 'lr_gamma': 1.0, 'lambda_mse': 1.0, 'lambda_ssim': 1.0, 'lambda_pearson': 0.0015531206508974454, 'lambda_l1': 1.0, 'weight_decay': 6.696867311543791e-05, 'dropout_rate': 0.06606975494834133, 'batch_size': 512, 'fc_size': 4928, 'latent_size': 128}
Running command for trial 0: python /home/jovyan/softwares/cae_tools/src/cae_tools/cli/train_cae.py --train-inputs /lustre_scratch/shaerdan/data_folder/train_v3/train/processed_train/train_558_156.nc /lustre_scratch/shaerdan/data_folder/train_v3/train/processed_train/train_315_73.nc /lustre_scratch/shaerdan/data_folder/train_v3/train/processed_train/train_720_186.nc /lustre_scratch/shaerdan/data_folder/train_v3/train/processed_train/train_394_105.nc /lustre_scratch/shaerdan/data_folder/train_v3/train/processed_train/train_316_74.nc /lustre_scratch/shaerdan/data_folder/train_v3/train/processed_train/train_399_108.nc /lustre_scratch/shaerdan/data_folder/train_v3/train/processed_train/train_797_197.nc /lustre_scratch/shaerdan/data_folder/train_v3/train/processed_train/train_586_165.nc /lustre_scratch/shaerdan/data_folder/train_v3/train/processed_train/train_748_191.nc /lustre_scratch/shaerdan/data_folder/train_v3/train/processed_train/train_290_64.nc /lustre_scratch/shaerdan/data_folder/train_v3/train/processed_train/train_341_81.nc /lustre_scratch/shaerdan/data_folder/train_v3/train/processed_train/train_692_181.nc /lustre_scratch/shaerdan/data_folder/train_v3/train/processed_train/train_613_172.nc /lustre_scratch/shaerdan/data_folder/train_v3/train/processed_train/train_313_71.nc /lustre_scratch/shaerdan/data_folder/train_v3/train/processed_train/train_665_177.nc /lustre_scratch/shaerdan/data_folder/train_v3/train/processed_train/train_288_62.nc /lustre_scratch/shaerdan/data_folder/train_v3/train/processed_train/train_367_93.nc /lustre_scratch/shaerdan/data_folder/train_v3/train/processed_train/train_267_58.nc /lustre_scratch/shaerdan/data_folder/train_v3/train/processed_train/train_551_152.nc /lustre_scratch/shaerdan/data_folder/train_v3/train/processed_train/train_424_114.nc /lustre_scratch/shaerdan/data_folder/train_v3/train/processed_train/train_318_75.nc /lustre_scratch/shaerdan/data_folder/train_v3/train/processed_train/train_525_147.nc /lustre_scratch/shaerdan/data_folder/train_v3/train/processed_train/train_398_107.nc /lustre_scratch/shaerdan/data_folder/train_v3/train/processed_train/train_582_162.nc /lustre_scratch/shaerdan/data_folder/train_v3/train/processed_train/train_609_171.nc /lustre_scratch/shaerdan/data_folder/train_v3/train/processed_train/train_532_150.nc /lustre_scratch/shaerdan/data_folder/train_v3/train/processed_train/train_262_54.nc /lustre_scratch/shaerdan/data_folder/train_v3/train/processed_train/train_402_109.nc /lustre_scratch/shaerdan/data_folder/train_v3/train/processed_train/train_505_143.nc /lustre_scratch/shaerdan/data_folder/train_v3/train/processed_train/train_745_190.nc /lustre_scratch/shaerdan/data_folder/train_v3/train/processed_train/train_347_84.nc /lustre_scratch/shaerdan/data_folder/train_v3/train/processed_train/train_374_96.nc /lustre_scratch/shaerdan/data_folder/train_v3/train/processed_train/train_552_153.nc /lustre_scratch/shaerdan/data_folder/train_v3/train/processed_train/train_477_132.nc /lustre_scratch/shaerdan/data_folder/train_v3/train/processed_train/train_373_95.nc /lustre_scratch/shaerdan/data_folder/train_v3/train/processed_train/train_403_110.nc /lustre_scratch/shaerdan/data_folder/train_v3/train/processed_train/train_368_94.nc /lustre_scratch/shaerdan/data_folder/train_v3/train/processed_train/train_798_198.nc /lustre_scratch/shaerdan/data_folder/train_v3/train/processed_train/train_451_124.nc /lustre_scratch/shaerdan/data_folder/train_v3/train/processed_train/train_825_205.nc /lustre_scratch/shaerdan/data_folder/train_v3/train/processed_train/train_395_106.nc /lustre_scratch/shaerdan/data_folder/train_v3/train/processed_train/train_294_65.nc /lustre_scratch/shaerdan/data_folder/train_v3/train/processed_train/train_743_189.nc /lustre_scratch/shaerdan/data_folder/train_v3/train/processed_train/train_319_76.nc /lustre_scratch/shaerdan/data_folder/train_v3/train/processed_train/train_427_116.nc /lustre_scratch/shaerdan/data_folder/train_v3/train/processed_train/train_450_123.nc /lustre_scratch/shaerdan/data_folder/train_v3/train/processed_train/train_342_82.nc /lustre_scratch/shaerdan/data_folder/train_v3/train/processed_train/train_230_50.nc /lustre_scratch/shaerdan/data_folder/train_v3/train/processed_train/train_289_63.nc /lustre_scratch/shaerdan/data_folder/train_v3/train/processed_train/train_826_206.nc /lustre_scratch/shaerdan/data_folder/train_v3/train/processed_train/train_583_163.nc /lustre_scratch/shaerdan/data_folder/train_v3/train/processed_train/train_343_83.nc /lustre_scratch/shaerdan/data_folder/train_v3/train/processed_train/train_524_146.nc /lustre_scratch/shaerdan/data_folder/train_v3/train/processed_train/train_264_56.nc --test-inputs /lustre_scratch/shaerdan/data_folder/test_v3/test/processed_test/test_421_318.nc /lustre_scratch/shaerdan/data_folder/test_v3/test/processed_test/test_747_395.nc /lustre_scratch/shaerdan/data_folder/test_v3/test/processed_test/test_523_351.nc /lustre_scratch/shaerdan/data_folder/test_v3/test/processed_test/test_375_304.nc /lustre_scratch/shaerdan/data_folder/test_v3/test/processed_test/test_504_344.nc /lustre_scratch/shaerdan/data_folder/test_v3/test/processed_test/test_344_293.nc /lustre_scratch/shaerdan/data_folder/test_v3/test/processed_test/test_371_302.nc /lustre_scratch/shaerdan/data_folder/test_v3/test/processed_test/test_369_300.nc /lustre_scratch/shaerdan/data_folder/test_v3/test/processed_test/test_346_295.nc /lustre_scratch/shaerdan/data_folder/test_v3/test/processed_test/test_638_376.nc /lustre_scratch/shaerdan/data_folder/test_v3/test/processed_test/test_370_301.nc /lustre_scratch/shaerdan/data_folder/test_v3/test/processed_test/test_531_355.nc /lustre_scratch/shaerdan/data_folder/test_v3/test/processed_test/test_291_277.nc /lustre_scratch/shaerdan/data_folder/test_v3/test/processed_test/test_610_370.nc /lustre_scratch/shaerdan/data_folder/test_v3/test/processed_test/test_719_390.nc /lustre_scratch/shaerdan/data_folder/test_v3/test/processed_test/test_317_284.nc /lustre_scratch/shaerdan/data_folder/test_v3/test/processed_test/test_420_317.nc /lustre_scratch/shaerdan/data_folder/test_v3/test/processed_test/test_770_399.nc /lustre_scratch/shaerdan/data_folder/test_v3/test/processed_test/test_559_363.nc /lustre_scratch/shaerdan/data_folder/test_v3/test/processed_test/test_453_332.nc /lustre_scratch/shaerdan/data_folder/test_v3/test/processed_test/test_639_377.nc /lustre_scratch/shaerdan/data_folder/test_v3/test/processed_test/test_345_294.nc /lustre_scratch/shaerdan/data_folder/test_v3/test/processed_test/test_480_339.nc /lustre_scratch/shaerdan/data_folder/test_v3/test/processed_test/test_260_270.nc /lustre_scratch/shaerdan/data_folder/test_v3/test/processed_test/test_258_268.nc /lustre_scratch/shaerdan/data_folder/test_v3/test/processed_test/test_426_321.nc /lustre_scratch/shaerdan/data_folder/test_v3/test/processed_test/test_293_279.nc /lustre_scratch/shaerdan/data_folder/test_v3/test/processed_test/test_292_278.nc /lustre_scratch/shaerdan/data_folder/test_v3/test/processed_test/test_479_338.nc /lustre_scratch/shaerdan/data_folder/test_v3/test/processed_test/test_261_271.nc /lustre_scratch/shaerdan/data_folder/test_v3/test/processed_test/test_744_393.nc /lustre_scratch/shaerdan/data_folder/test_v3/test/processed_test/test_423_320.nc /lustre_scratch/shaerdan/data_folder/test_v3/test/processed_test/test_506_345.nc /lustre_scratch/shaerdan/data_folder/test_v3/test/processed_test/test_400_310.nc /lustre_scratch/shaerdan/data_folder/test_v3/test/processed_test/test_478_337.nc /lustre_scratch/shaerdan/data_folder/test_v3/test/processed_test/test_476_336.nc /lustre_scratch/shaerdan/data_folder/test_v3/test/processed_test/test_530_354.nc /lustre_scratch/shaerdan/data_folder/test_v3/test/processed_test/test_372_303.nc /lustre_scratch/shaerdan/data_folder/test_v3/test/processed_test/test_690_384.nc /lustre_scratch/shaerdan/data_folder/test_v3/test/processed_test/test_717_388.nc /lustre_scratch/shaerdan/data_folder/test_v3/test/processed_test/test_340_292.nc /lustre_scratch/shaerdan/data_folder/test_v3/test/processed_test/test_775_403.nc /lustre_scratch/shaerdan/data_folder/test_v3/test/processed_test/test_611_371.nc /lustre_scratch/shaerdan/data_folder/test_v3/test/processed_test/test_691_385.nc /lustre_scratch/shaerdan/data_folder/test_v3/test/processed_test/test_449_330.nc /lustre_scratch/shaerdan/data_folder/test_v3/test/processed_test/test_507_346.nc /lustre_scratch/shaerdan/data_folder/test_v3/test/processed_test/test_339_291.nc /lustre_scratch/shaerdan/data_folder/test_v3/test/processed_test/test_663_380.nc /lustre_scratch/shaerdan/data_folder/test_v3/test/processed_test/test_422_319.nc /lustre_scratch/shaerdan/data_folder/test_v3/test/processed_test/test_585_367.nc /lustre_scratch/shaerdan/data_folder/test_v3/test/processed_test/test_746_394.nc /lustre_scratch/shaerdan/data_folder/test_v3/test/processed_test/test_397_309.nc /lustre_scratch/shaerdan/data_folder/test_v3/test/processed_test/test_259_269.nc /lustre_scratch/shaerdan/data_folder/test_v3/test/processed_test/test_401_311.nc /lustre_scratch/shaerdan/data_folder/test_v3/test/processed_test/test_522_350.nc /lustre_scratch/shaerdan/data_folder/test_v3/test/processed_test/test_637_375.nc /lustre_scratch/shaerdan/data_folder/test_v3/test/processed_test/test_664_381.nc /lustre_scratch/shaerdan/data_folder/test_v3/test/processed_test/test_533_356.nc /lustre_scratch/shaerdan/data_folder/test_v3/test/processed_test/test_452_331.nc /lustre_scratch/shaerdan/data_folder/test_v3/test/processed_test/test_718_389.nc /lustre_scratch/shaerdan/data_folder/test_v3/test/processed_test/test_612_372.nc /lustre_scratch/shaerdan/data_folder/test_v3/test/processed_test/test_396_308.nc /lustre_scratch/shaerdan/data_folder/test_v3/test/processed_test/test_771_400.nc --model-folder /lustre_scratch/shaerdan/models/model_0 --input-variables land_cover albedo_monthly_climatology_means elevation era5_skt sin_doy cos_doy slope_magnitude slope_direction era5_u10 era5_v10 era5_ssrd --output-variable ST_slices --nr-epochs 600 --learning-rate 6.789283025192389e-05 --lr-step-size 1000 --lr-gamma 1.0 --lambda-mse 1.0 --lambda-ssim 1.0 --lambda-pearson 0.0015531206508974454 --lambda-l1 1.0 --weight-decay 6.696867311543791e-05 --dropout-rate 0.06606975494834133 --batch-size 512 --fc-size 4928 --latent-size 128 --method unet --scheduler-type None --layer-definitions-path spec_august_ver.json --database-path database_v23_wo_ssrd.db